10.04.2019 12:46:24
 
Log
Academy resetting
UnityEngine.Debug:Log(Object)
ObstacleTowerAcademy:AcademyReset() (at /Users/arthurj/obstacle-tower/otc/Assets/ObstacleTower/Scripts/AgentLogic/ObstacleTowerAcademy.cs:60)
MLAgents.Academy:EnvironmentReset() (at /Users/arthurj/obstacle-tower/otc/Assets/ML-Agents/Scripts/Academy.cs:602)
MLAgents.Academy:ForcedFullReset() (at /Users/arthurj/obstacle-tower/otc/Assets/ML-Agents/Scripts/Academy.cs:518)
MLAgents.Academy:EnvironmentStep() (at /Users/arthurj/obstacle-tower/otc/Assets/ML-Agents/Scripts/Academy.cs:562)
MLAgents.Academy:FixedUpdate() (at /Users/arthurj/obstacle-tower/otc/Assets/ML-Agents/Scripts/Academy.cs:610)

Log
Seed: 12
UnityEngine.Debug:Log(Object)
FloorBuilder:Reset() (at /Users/arthurj/obstacle-tower/otc/Assets/ObstacleTower/Scripts/FloorLogic/FloorBuilder.cs:99)
ObstacleTowerAgent:AgentReset() (at /Users/arthurj/obstacle-tower/otc/Assets/ObstacleTower/Scripts/AgentLogic/ObstacleTowerAgent.cs:293)
MLAgents.Agent:_AgentReset() (at /Users/arthurj/obstacle-tower/otc/Assets/ML-Agents/Scripts/Agent.cs:858)
MLAgents.Academy:ForcedFullReset() (at /Users/arthurj/obstacle-tower/otc/Assets/ML-Agents/Scripts/Academy.cs:519)
MLAgents.Academy:EnvironmentStep() (at /Users/arthurj/obstacle-tower/otc/Assets/ML-Agents/Scripts/Academy.cs:562)
MLAgents.Academy:FixedUpdate() (at /Users/arthurj/obstacle-tower/otc/Assets/ML-Agents/Scripts/Academy.cs:610)

Log
Academy resetting
UnityEngine.Debug:Log(Object)
ObstacleTowerAcademy:AcademyReset() (at /Users/arthurj/obstacle-tower/otc/Assets/ObstacleTower/Scripts/AgentLogic/ObstacleTowerAcademy.cs:60)
MLAgents.Academy:EnvironmentReset() (at /Users/arthurj/obstacle-tower/otc/Assets/ML-Agents/Scripts/Academy.cs:602)
MLAgents.Academy:ForcedFullReset() (at /Users/arthurj/obstacle-tower/otc/Assets/ML-Agents/Scripts/Academy.cs:518)
MLAgents.Academy:EnvironmentStep() (at /Users/arthurj/obstacle-tower/otc/Assets/ML-Agents/Scripts/Academy.cs:546)
MLAgents.Academy:FixedUpdate() (at /Users/arthurj/obstacle-tower/otc/Assets/ML-Agents/Scripts/Academy.cs:610)

Log
Academy resetting
UnityEngine.Debug:Log(Object)
ObstacleTowerAcademy:AcademyReset() (at /Users/arthurj/obstacle-tower/otc/Assets/ObstacleTower/Scripts/AgentLogic/ObstacleTowerAcademy.cs:60)
MLAgents.Academy:EnvironmentReset() (at /Users/arthurj/obstacle-tower/otc/Assets/ML-Agents/Scripts/Academy.cs:602)
MLAgents.Academy:ForcedFullReset() (at /Users/arthurj/obstacle-tower/otc/Assets/ML-Agents/Scripts/Academy.cs:518)
MLAgents.Academy:EnvironmentStep() (at /Users/arthurj/obstacle-tower/otc/Assets/ML-Agents/Scripts/Academy.cs:546)
MLAgents.Academy:FixedUpdate() (at /Users/arthurj/obstacle-tower/otc/Assets/ML-Agents/Scripts/Academy.cs:610)

Log
Academy resetting
UnityEngine.Debug:Log(Object)
ObstacleTowerAcademy:AcademyReset() (at /Users/arthurj/obstacle-tower/otc/Assets/ObstacleTower/Scripts/AgentLogic/ObstacleTowerAcademy.cs:60)
MLAgents.Academy:EnvironmentReset() (at /Users/arthurj/obstacle-tower/otc/Assets/ML-Agents/Scripts/Academy.cs:602)
MLAgents.Academy:ForcedFullReset() (at /Users/arthurj/obstacle-tower/otc/Assets/ML-Agents/Scripts/Academy.cs:518)
MLAgents.Academy:EnvironmentStep() (at /Users/arthurj/obstacle-tower/otc/Assets/ML-Agents/Scripts/Academy.cs:546)
MLAgents.Academy:FixedUpdate() (at /Users/arthurj/obstacle-tower/otc/Assets/ML-Agents/Scripts/Academy.cs:610)

Log
Seed: 5
UnityEngine.Debug:Log(Object)
FloorBuilder:Reset() (at /Users/arthurj/obstacle-tower/otc/Assets/ObstacleTower/Scripts/FloorLogic/FloorBuilder.cs:99)
ObstacleTowerAgent:AgentReset() (at /Users/arthurj/obstacle-tower/otc/Assets/ObstacleTower/Scripts/AgentLogic/ObstacleTowerAgent.cs:293)
MLAgents.Agent:_AgentReset() (at /Users/arthurj/obstacle-tower/otc/Assets/ML-Agents/Scripts/Agent.cs:858)
MLAgents.Academy:ForcedFullReset() (at /Users/arthurj/obstacle-tower/otc/Assets/ML-Agents/Scripts/Academy.cs:519)
MLAgents.Academy:EnvironmentStep() (at /Users/arthurj/obstacle-tower/otc/Assets/ML-Agents/Scripts/Academy.cs:546)
MLAgents.Academy:FixedUpdate() (at /Users/arthurj/obstacle-tower/otc/Assets/ML-Agents/Scripts/Academy.cs:610)

Log
Seed: 5
UnityEngine.Debug:Log(Object)
FloorBuilder:Reset() (at /Users/arthurj/obstacle-tower/otc/Assets/ObstacleTower/Scripts/FloorLogic/FloorBuilder.cs:99)
ObstacleTowerAgent:AgentReset() (at /Users/arthurj/obstacle-tower/otc/Assets/ObstacleTower/Scripts/AgentLogic/ObstacleTowerAgent.cs:293)
MLAgents.Agent:_AgentReset() (at /Users/arthurj/obstacle-tower/otc/Assets/ML-Agents/Scripts/Agent.cs:858)
MLAgents.Academy:ForcedFullReset() (at /Users/arthurj/obstacle-tower/otc/Assets/ML-Agents/Scripts/Academy.cs:519)
MLAgents.Academy:EnvironmentStep() (at /Users/arthurj/obstacle-tower/otc/Assets/ML-Agents/Scripts/Academy.cs:546)
MLAgents.Academy:FixedUpdate() (at /Users/arthurj/obstacle-tower/otc/Assets/ML-Agents/Scripts/Academy.cs:610)

Log
Seed: 41
UnityEngine.Debug:Log(Object)
FloorBuilder:Reset() (at /Users/arthurj/obstacle-tower/otc/Assets/ObstacleTower/Scripts/FloorLogic/FloorBuilder.cs:99)
ObstacleTowerAgent:AgentReset() (at /Users/arthurj/obstacle-tower/otc/Assets/ObstacleTower/Scripts/AgentLogic/ObstacleTowerAgent.cs:293)
MLAgents.Agent:_AgentReset() (at /Users/arthurj/obstacle-tower/otc/Assets/ML-Agents/Scripts/Agent.cs:858)
MLAgents.Academy:ForcedFullReset() (at /Users/arthurj/obstacle-tower/otc/Assets/ML-Agents/Scripts/Academy.cs:519)
MLAgents.Academy:EnvironmentStep() (at /Users/arthurj/obstacle-tower/otc/Assets/ML-Agents/Scripts/Academy.cs:546)
MLAgents.Academy:FixedUpdate() (at /Users/arthurj/obstacle-tower/otc/Assets/ML-Agents/Scripts/Academy.cs:610)

Log
Seed: 93
UnityEngine.Debug:Log(Object)
FloorBuilder:Reset() (at /Users/arthurj/obstacle-tower/otc/Assets/ObstacleTower/Scripts/FloorLogic/FloorBuilder.cs:99)
ObstacleTowerAgent:AgentReset() (at /Users/arthurj/obstacle-tower/otc/Assets/ObstacleTower/Scripts/AgentLogic/ObstacleTowerAgent.cs:293)
MLAgents.Agent:_AgentReset() (at /Users/arthurj/obstacle-tower/otc/Assets/ML-Agents/Scripts/Agent.cs:858)
MLAgents.Agent:ResetIfDone() (at /Users/arthurj/obstacle-tower/otc/Assets/ML-Agents/Scripts/Agent.cs:969)
MLAgents.Academy:EnvironmentStep() (at /Users/arthurj/obstacle-tower/otc/Assets/ML-Agents/Scripts/Academy.cs:580)
MLAgents.Academy:FixedUpdate() (at /Users/arthurj/obstacle-tower/otc/Assets/ML-Agents/Scripts/Academy.cs:610)

Log
Seed: 68
UnityEngine.Debug:Log(Object)
FloorBuilder:Reset() (at /Users/arthurj/obstacle-tower/otc/Assets/ObstacleTower/Scripts/FloorLogic/FloorBuilder.cs:99)
ObstacleTowerAgent:AgentReset() (at /Users/arthurj/obstacle-tower/otc/Assets/ObstacleTower/Scripts/AgentLogic/ObstacleTowerAgent.cs:293)
MLAgents.Agent:_AgentReset() (at /Users/arthurj/obstacle-tower/otc/Assets/ML-Agents/Scripts/Agent.cs:858)
MLAgents.Agent:ResetIfDone() (at /Users/arthurj/obstacle-tower/otc/Assets/ML-Agents/Scripts/Agent.cs:969)
MLAgents.Academy:EnvironmentStep() (at /Users/arthurj/obstacle-tower/otc/Assets/ML-Agents/Scripts/Academy.cs:580)
MLAgents.Academy:FixedUpdate() (at /Users/arthurj/obstacle-tower/otc/Assets/ML-Agents/Scripts/Academy.cs:610)

Log
Seed: 63
UnityEngine.Debug:Log(Object)
FloorBuilder:Reset() (at /Users/arthurj/obstacle-tower/otc/Assets/ObstacleTower/Scripts/FloorLogic/FloorBuilder.cs:99)
ObstacleTowerAgent:AgentReset() (at /Users/arthurj/obstacle-tower/otc/Assets/ObstacleTower/Scripts/AgentLogic/ObstacleTowerAgent.cs:293)
MLAgents.Agent:_AgentReset() (at /Users/arthurj/obstacle-tower/otc/Assets/ML-Agents/Scripts/Agent.cs:858)
MLAgents.Agent:ResetIfDone() (at /Users/arthurj/obstacle-tower/otc/Assets/ML-Agents/Scripts/Agent.cs:969)
MLAgents.Academy:EnvironmentStep() (at /Users/arthurj/obstacle-tower/otc/Assets/ML-Agents/Scripts/Academy.cs:580)
MLAgents.Academy:FixedUpdate() (at /Users/arthurj/obstacle-tower/otc/Assets/ML-Agents/Scripts/Academy.cs:610)

Log
Academy resetting
UnityEngine.Debug:Log(Object)
ObstacleTowerAcademy:AcademyReset() (at /Users/arthurj/obstacle-tower/otc/Assets/ObstacleTower/Scripts/AgentLogic/ObstacleTowerAcademy.cs:60)
MLAgents.Academy:EnvironmentReset() (at /Users/arthurj/obstacle-tower/otc/Assets/ML-Agents/Scripts/Academy.cs:602)
MLAgents.Academy:ForcedFullReset() (at /Users/arthurj/obstacle-tower/otc/Assets/ML-Agents/Scripts/Academy.cs:518)
MLAgents.Academy:EnvironmentStep() (at /Users/arthurj/obstacle-tower/otc/Assets/ML-Agents/Scripts/Academy.cs:546)
MLAgents.Academy:FixedUpdate() (at /Users/arthurj/obstacle-tower/otc/Assets/ML-Agents/Scripts/Academy.cs:610)

Log
Seed: 18
UnityEngine.Debug:Log(Object)
FloorBuilder:Reset() (at /Users/arthurj/obstacle-tower/otc/Assets/ObstacleTower/Scripts/FloorLogic/FloorBuilder.cs:99)
ObstacleTowerAgent:AgentReset() (at /Users/arthurj/obstacle-tower/otc/Assets/ObstacleTower/Scripts/AgentLogic/ObstacleTowerAgent.cs:293)
MLAgents.Agent:_AgentReset() (at /Users/arthurj/obstacle-tower/otc/Assets/ML-Agents/Scripts/Agent.cs:858)
MLAgents.Academy:ForcedFullReset() (at /Users/arthurj/obstacle-tower/otc/Assets/ML-Agents/Scripts/Academy.cs:519)
MLAgents.Academy:EnvironmentStep() (at /Users/arthurj/obstacle-tower/otc/Assets/ML-Agents/Scripts/Academy.cs:546)
MLAgents.Academy:FixedUpdate() (at /Users/arthurj/obstacle-tower/otc/Assets/ML-Agents/Scripts/Academy.cs:610)

Log
Academy resetting
UnityEngine.Debug:Log(Object)
ObstacleTowerAcademy:AcademyReset() (at /Users/arthurj/obstacle-tower/otc/Assets/ObstacleTower/Scripts/AgentLogic/ObstacleTowerAcademy.cs:60)
MLAgents.Academy:EnvironmentReset() (at /Users/arthurj/obstacle-tower/otc/Assets/ML-Agents/Scripts/Academy.cs:602)
MLAgents.Academy:ForcedFullReset() (at /Users/arthurj/obstacle-tower/otc/Assets/ML-Agents/Scripts/Academy.cs:518)
MLAgents.Academy:EnvironmentStep() (at /Users/arthurj/obstacle-tower/otc/Assets/ML-Agents/Scripts/Academy.cs:546)
MLAgents.Academy:FixedUpdate() (at /Users/arthurj/obstacle-tower/otc/Assets/ML-Agents/Scripts/Academy.cs:610)

Log
Seed: 93
UnityEngine.Debug:Log(Object)
FloorBuilder:Reset() (at /Users/arthurj/obstacle-tower/otc/Assets/ObstacleTower/Scripts/FloorLogic/FloorBuilder.cs:99)
ObstacleTowerAgent:AgentReset() (at /Users/arthurj/obstacle-tower/otc/Assets/ObstacleTower/Scripts/AgentLogic/ObstacleTowerAgent.cs:293)
MLAgents.Agent:_AgentReset() (at /Users/arthurj/obstacle-tower/otc/Assets/ML-Agents/Scripts/Agent.cs:858)
MLAgents.Academy:ForcedFullReset() (at /Users/arthurj/obstacle-tower/otc/Assets/ML-Agents/Scripts/Academy.cs:519)
MLAgents.Academy:EnvironmentStep() (at /Users/arthurj/obstacle-tower/otc/Assets/ML-Agents/Scripts/Academy.cs:546)
MLAgents.Academy:FixedUpdate() (at /Users/arthurj/obstacle-tower/otc/Assets/ML-Agents/Scripts/Academy.cs:610)

Log
Academy resetting
UnityEngine.Debug:Log(Object)
ObstacleTowerAcademy:AcademyReset() (at /Users/arthurj/obstacle-tower/otc/Assets/ObstacleTower/Scripts/AgentLogic/ObstacleTowerAcademy.cs:60)
MLAgents.Academy:EnvironmentReset() (at /Users/arthurj/obstacle-tower/otc/Assets/ML-Agents/Scripts/Academy.cs:602)
MLAgents.Academy:ForcedFullReset() (at /Users/arthurj/obstacle-tower/otc/Assets/ML-Agents/Scripts/Academy.cs:518)
MLAgents.Academy:EnvironmentStep() (at /Users/arthurj/obstacle-tower/otc/Assets/ML-Agents/Scripts/Academy.cs:546)
MLAgents.Academy:FixedUpdate() (at /Users/arthurj/obstacle-tower/otc/Assets/ML-Agents/Scripts/Academy.cs:610)

Log
Seed: 40
UnityEngine.Debug:Log(Object)
FloorBuilder:Reset() (at /Users/arthurj/obstacle-tower/otc/Assets/ObstacleTower/Scripts/FloorLogic/FloorBuilder.cs:99)
ObstacleTowerAgent:AgentReset() (at /Users/arthurj/obstacle-tower/otc/Assets/ObstacleTower/Scripts/AgentLogic/ObstacleTowerAgent.cs:293)
MLAgents.Agent:_AgentReset() (at /Users/arthurj/obstacle-tower/otc/Assets/ML-Agents/Scripts/Agent.cs:858)
MLAgents.Academy:ForcedFullReset() (at /Users/arthurj/obstacle-tower/otc/Assets/ML-Agents/Scripts/Academy.cs:519)
MLAgents.Academy:EnvironmentStep() (at /Users/arthurj/obstacle-tower/otc/Assets/ML-Agents/Scripts/Academy.cs:546)
MLAgents.Academy:FixedUpdate() (at /Users/arthurj/obstacle-tower/otc/Assets/ML-Agents/Scripts/Academy.cs:610)

Log
Seed: 50
UnityEngine.Debug:Log(Object)
FloorBuilder:Reset() (at /Users/arthurj/obstacle-tower/otc/Assets/ObstacleTower/Scripts/FloorLogic/FloorBuilder.cs:99)
ObstacleTowerAgent:AgentReset() (at /Users/arthurj/obstacle-tower/otc/Assets/ObstacleTower/Scripts/AgentLogic/ObstacleTowerAgent.cs:293)
MLAgents.Agent:_AgentReset() (at /Users/arthurj/obstacle-tower/otc/Assets/ML-Agents/Scripts/Agent.cs:858)
MLAgents.Agent:ResetIfDone() (at /Users/arthurj/obstacle-tower/otc/Assets/ML-Agents/Scripts/Agent.cs:969)
MLAgents.Academy:EnvironmentStep() (at /Users/arthurj/obstacle-tower/otc/Assets/ML-Agents/Scripts/Academy.cs:580)
MLAgents.Academy:FixedUpdate() (at /Users/arthurj/obstacle-tower/otc/Assets/ML-Agents/Scripts/Academy.cs:610)

Log
Academy resetting
UnityEngine.Debug:Log(Object)
ObstacleTowerAcademy:AcademyReset() (at /Users/arthurj/obstacle-tower/otc/Assets/ObstacleTower/Scripts/AgentLogic/ObstacleTowerAcademy.cs:60)
MLAgents.Academy:EnvironmentReset() (at /Users/arthurj/obstacle-tower/otc/Assets/ML-Agents/Scripts/Academy.cs:602)
MLAgents.Academy:ForcedFullReset() (at /Users/arthurj/obstacle-tower/otc/Assets/ML-Agents/Scripts/Academy.cs:518)
MLAgents.Academy:EnvironmentStep() (at /Users/arthurj/obstacle-tower/otc/Assets/ML-Agents/Scripts/Academy.cs:546)
MLAgents.Academy:FixedUpdate() (at /Users/arthurj/obstacle-tower/otc/Assets/ML-Agents/Scripts/Academy.cs:610)

Log
Seed: 47
UnityEngine.Debug:Log(Object)
FloorBuilder:Reset() (at /Users/arthurj/obstacle-tower/otc/Assets/ObstacleTower/Scripts/FloorLogic/FloorBuilder.cs:99)
ObstacleTowerAgent:AgentReset() (at /Users/arthurj/obstacle-tower/otc/Assets/ObstacleTower/Scripts/AgentLogic/ObstacleTowerAgent.cs:293)
MLAgents.Agent:_AgentReset() (at /Users/arthurj/obstacle-tower/otc/Assets/ML-Agents/Scripts/Agent.cs:858)
MLAgents.Academy:ForcedFullReset() (at /Users/arthurj/obstacle-tower/otc/Assets/ML-Agents/Scripts/Academy.cs:519)
MLAgents.Academy:EnvironmentStep() (at /Users/arthurj/obstacle-tower/otc/Assets/ML-Agents/Scripts/Academy.cs:546)
MLAgents.Academy:FixedUpdate() (at /Users/arthurj/obstacle-tower/otc/Assets/ML-Agents/Scripts/Academy.cs:610)

Log
Seed: 27
UnityEngine.Debug:Log(Object)
FloorBuilder:Reset() (at /Users/arthurj/obstacle-tower/otc/Assets/ObstacleTower/Scripts/FloorLogic/FloorBuilder.cs:99)
ObstacleTowerAgent:AgentReset() (at /Users/arthurj/obstacle-tower/otc/Assets/ObstacleTower/Scripts/AgentLogic/ObstacleTowerAgent.cs:293)
MLAgents.Agent:_AgentReset() (at /Users/arthurj/obstacle-tower/otc/Assets/ML-Agents/Scripts/Agent.cs:858)
MLAgents.Agent:ResetIfDone() (at /Users/arthurj/obstacle-tower/otc/Assets/ML-Agents/Scripts/Agent.cs:969)
MLAgents.Academy:EnvironmentStep() (at /Users/arthurj/obstacle-tower/otc/Assets/ML-Agents/Scripts/Academy.cs:580)
MLAgents.Academy:FixedUpdate() (at /Users/arthurj/obstacle-tower/otc/Assets/ML-Agents/Scripts/Academy.cs:610)

Log
Seed: 82
UnityEngine.Debug:Log(Object)
FloorBuilder:Reset() (at /Users/arthurj/obstacle-tower/otc/Assets/ObstacleTower/Scripts/FloorLogic/FloorBuilder.cs:99)
ObstacleTowerAgent:AgentReset() (at /Users/arthurj/obstacle-tower/otc/Assets/ObstacleTower/Scripts/AgentLogic/ObstacleTowerAgent.cs:293)
MLAgents.Agent:_AgentReset() (at /Users/arthurj/obstacle-tower/otc/Assets/ML-Agents/Scripts/Agent.cs:858)
MLAgents.Agent:ResetIfDone() (at /Users/arthurj/obstacle-tower/otc/Assets/ML-Agents/Scripts/Agent.cs:969)
MLAgents.Academy:EnvironmentStep() (at /Users/arthurj/obstacle-tower/otc/Assets/ML-Agents/Scripts/Academy.cs:580)
MLAgents.Academy:FixedUpdate() (at /Users/arthurj/obstacle-tower/otc/Assets/ML-Agents/Scripts/Academy.cs:610)

Log
Academy resetting
UnityEngine.Debug:Log(Object)
ObstacleTowerAcademy:AcademyReset() (at /Users/arthurj/obstacle-tower/otc/Assets/ObstacleTower/Scripts/AgentLogic/ObstacleTowerAcademy.cs:60)
MLAgents.Academy:EnvironmentReset() (at /Users/arthurj/obstacle-tower/otc/Assets/ML-Agents/Scripts/Academy.cs:602)
MLAgents.Academy:ForcedFullReset() (at /Users/arthurj/obstacle-tower/otc/Assets/ML-Agents/Scripts/Academy.cs:518)
MLAgents.Academy:EnvironmentStep() (at /Users/arthurj/obstacle-tower/otc/Assets/ML-Agents/Scripts/Academy.cs:546)
MLAgents.Academy:FixedUpdate() (at /Users/arthurj/obstacle-tower/otc/Assets/ML-Agents/Scripts/Academy.cs:610)

Log
Seed: 32
UnityEngine.Debug:Log(Object)
FloorBuilder:Reset() (at /Users/arthurj/obstacle-tower/otc/Assets/ObstacleTower/Scripts/FloorLogic/FloorBuilder.cs:99)
ObstacleTowerAgent:AgentReset() (at /Users/arthurj/obstacle-tower/otc/Assets/ObstacleTower/Scripts/AgentLogic/ObstacleTowerAgent.cs:293)
MLAgents.Agent:_AgentReset() (at /Users/arthurj/obstacle-tower/otc/Assets/ML-Agents/Scripts/Agent.cs:858)
MLAgents.Academy:ForcedFullReset() (at /Users/arthurj/obstacle-tower/otc/Assets/ML-Agents/Scripts/Academy.cs:519)
MLAgents.Academy:EnvironmentStep() (at /Users/arthurj/obstacle-tower/otc/Assets/ML-Agents/Scripts/Academy.cs:546)
MLAgents.Academy:FixedUpdate() (at /Users/arthurj/obstacle-tower/otc/Assets/ML-Agents/Scripts/Academy.cs:610)

Log
Academy resetting
UnityEngine.Debug:Log(Object)
ObstacleTowerAcademy:AcademyReset() (at /Users/arthurj/obstacle-tower/otc/Assets/ObstacleTower/Scripts/AgentLogic/ObstacleTowerAcademy.cs:60)
MLAgents.Academy:EnvironmentReset() (at /Users/arthurj/obstacle-tower/otc/Assets/ML-Agents/Scripts/Academy.cs:602)
MLAgents.Academy:ForcedFullReset() (at /Users/arthurj/obstacle-tower/otc/Assets/ML-Agents/Scripts/Academy.cs:518)
MLAgents.Academy:EnvironmentStep() (at /Users/arthurj/obstacle-tower/otc/Assets/ML-Agents/Scripts/Academy.cs:546)
MLAgents.Academy:FixedUpdate() (at /Users/arthurj/obstacle-tower/otc/Assets/ML-Agents/Scripts/Academy.cs:610)

Log
Seed: 24
UnityEngine.Debug:Log(Object)
FloorBuilder:Reset() (at /Users/arthurj/obstacle-tower/otc/Assets/ObstacleTower/Scripts/FloorLogic/FloorBuilder.cs:99)
ObstacleTowerAgent:AgentReset() (at /Users/arthurj/obstacle-tower/otc/Assets/ObstacleTower/Scripts/AgentLogic/ObstacleTowerAgent.cs:293)
MLAgents.Agent:_AgentReset() (at /Users/arthurj/obstacle-tower/otc/Assets/ML-Agents/Scripts/Agent.cs:858)
MLAgents.Academy:ForcedFullReset() (at /Users/arthurj/obstacle-tower/otc/Assets/ML-Agents/Scripts/Academy.cs:519)
MLAgents.Academy:EnvironmentStep() (at /Users/arthurj/obstacle-tower/otc/Assets/ML-Agents/Scripts/Academy.cs:546)
MLAgents.Academy:FixedUpdate() (at /Users/arthurj/obstacle-tower/otc/Assets/ML-Agents/Scripts/Academy.cs:610)

Log
Seed: 22
UnityEngine.Debug:Log(Object)
FloorBuilder:Reset() (at /Users/arthurj/obstacle-tower/otc/Assets/ObstacleTower/Scripts/FloorLogic/FloorBuilder.cs:99)
ObstacleTowerAgent:AgentReset() (at /Users/arthurj/obstacle-tower/otc/Assets/ObstacleTower/Scripts/AgentLogic/ObstacleTowerAgent.cs:293)
MLAgents.Agent:_AgentReset() (at /Users/arthurj/obstacle-tower/otc/Assets/ML-Agents/Scripts/Agent.cs:858)
MLAgents.Agent:ResetIfDone() (at /Users/arthurj/obstacle-tower/otc/Assets/ML-Agents/Scripts/Agent.cs:969)
MLAgents.Academy:EnvironmentStep() (at /Users/arthurj/obstacle-tower/otc/Assets/ML-Agents/Scripts/Academy.cs:580)
MLAgents.Academy:FixedUpdate() (at /Users/arthurj/obstacle-tower/otc/Assets/ML-Agents/Scripts/Academy.cs:610)

Log
Academy resetting
UnityEngine.Debug:Log(Object)
ObstacleTowerAcademy:AcademyReset() (at /Users/arthurj/obstacle-tower/otc/Assets/ObstacleTower/Scripts/AgentLogic/ObstacleTowerAcademy.cs:60)
MLAgents.Academy:EnvironmentReset() (at /Users/arthurj/obstacle-tower/otc/Assets/ML-Agents/Scripts/Academy.cs:602)
MLAgents.Academy:ForcedFullReset() (at /Users/arthurj/obstacle-tower/otc/Assets/ML-Agents/Scripts/Academy.cs:518)
MLAgents.Academy:EnvironmentStep() (at /Users/arthurj/obstacle-tower/otc/Assets/ML-Agents/Scripts/Academy.cs:546)
MLAgents.Academy:FixedUpdate() (at /Users/arthurj/obstacle-tower/otc/Assets/ML-Agents/Scripts/Academy.cs:610)

Log
Seed: 10
UnityEngine.Debug:Log(Object)
FloorBuilder:Reset() (at /Users/arthurj/obstacle-tower/otc/Assets/ObstacleTower/Scripts/FloorLogic/FloorBuilder.cs:99)
ObstacleTowerAgent:AgentReset() (at /Users/arthurj/obstacle-tower/otc/Assets/ObstacleTower/Scripts/AgentLogic/ObstacleTowerAgent.cs:293)
MLAgents.Agent:_AgentReset() (at /Users/arthurj/obstacle-tower/otc/Assets/ML-Agents/Scripts/Agent.cs:858)
MLAgents.Academy:ForcedFullReset() (at /Users/arthurj/obstacle-tower/otc/Assets/ML-Agents/Scripts/Academy.cs:519)
MLAgents.Academy:EnvironmentStep() (at /Users/arthurj/obstacle-tower/otc/Assets/ML-Agents/Scripts/Academy.cs:546)
MLAgents.Academy:FixedUpdate() (at /Users/arthurj/obstacle-tower/otc/Assets/ML-Agents/Scripts/Academy.cs:610)

Log
You reached floor: 2
UnityEngine.Debug:Log(Object)
ObstacleTowerAgent:AgentReset() (at /Users/arthurj/obstacle-tower/otc/Assets/ObstacleTower/Scripts/AgentLogic/ObstacleTowerAgent.cs:289)
MLAgents.Agent:_AgentReset() (at /Users/arthurj/obstacle-tower/otc/Assets/ML-Agents/Scripts/Agent.cs:858)
MLAgents.Agent:ResetIfDone() (at /Users/arthurj/obstacle-tower/otc/Assets/ML-Agents/Scripts/Agent.cs:969)
MLAgents.Academy:EnvironmentStep() (at /Users/arthurj/obstacle-tower/otc/Assets/ML-Agents/Scripts/Academy.cs:580)
MLAgents.Academy:FixedUpdate() (at /Users/arthurj/obstacle-tower/otc/Assets/ML-Agents/Scripts/Academy.cs:610)

Log
Seed: 30
UnityEngine.Debug:Log(Object)
FloorBuilder:Reset() (at /Users/arthurj/obstacle-tower/otc/Assets/ObstacleTower/Scripts/FloorLogic/FloorBuilder.cs:99)
ObstacleTowerAgent:AgentReset() (at /Users/arthurj/obstacle-tower/otc/Assets/ObstacleTower/Scripts/AgentLogic/ObstacleTowerAgent.cs:293)
MLAgents.Agent:_AgentReset() (at /Users/arthurj/obstacle-tower/otc/Assets/ML-Agents/Scripts/Agent.cs:858)
MLAgents.Agent:ResetIfDone() (at /Users/arthurj/obstacle-tower/otc/Assets/ML-Agents/Scripts/Agent.cs:969)
MLAgents.Academy:EnvironmentStep() (at /Users/arthurj/obstacle-tower/otc/Assets/ML-Agents/Scripts/Academy.cs:580)
MLAgents.Academy:FixedUpdate() (at /Users/arthurj/obstacle-tower/otc/Assets/ML-Agents/Scripts/Academy.cs:610)

Log
Academy resetting
UnityEngine.Debug:Log(Object)
ObstacleTowerAcademy:AcademyReset() (at /Users/arthurj/obstacle-tower/otc/Assets/ObstacleTower/Scripts/AgentLogic/ObstacleTowerAcademy.cs:60)
MLAgents.Academy:EnvironmentReset() (at /Users/arthurj/obstacle-tower/otc/Assets/ML-Agents/Scripts/Academy.cs:602)
MLAgents.Academy:ForcedFullReset() (at /Users/arthurj/obstacle-tower/otc/Assets/ML-Agents/Scripts/Academy.cs:518)
MLAgents.Academy:EnvironmentStep() (at /Users/arthurj/obstacle-tower/otc/Assets/ML-Agents/Scripts/Academy.cs:546)
MLAgents.Academy:FixedUpdate() (at /Users/arthurj/obstacle-tower/otc/Assets/ML-Agents/Scripts/Academy.cs:610)

Log
Seed: 0
UnityEngine.Debug:Log(Object)
FloorBuilder:Reset() (at /Users/arthurj/obstacle-tower/otc/Assets/ObstacleTower/Scripts/FloorLogic/FloorBuilder.cs:99)
ObstacleTowerAgent:AgentReset() (at /Users/arthurj/obstacle-tower/otc/Assets/ObstacleTower/Scripts/AgentLogic/ObstacleTowerAgent.cs:293)
MLAgents.Agent:_AgentReset() (at /Users/arthurj/obstacle-tower/otc/Assets/ML-Agents/Scripts/Agent.cs:858)
MLAgents.Academy:ForcedFullReset() (at /Users/arthurj/obstacle-tower/otc/Assets/ML-Agents/Scripts/Academy.cs:519)
MLAgents.Academy:EnvironmentStep() (at /Users/arthurj/obstacle-tower/otc/Assets/ML-Agents/Scripts/Academy.cs:546)
MLAgents.Academy:FixedUpdate() (at /Users/arthurj/obstacle-tower/otc/Assets/ML-Agents/Scripts/Academy.cs:610)

Log
Seed: 7
UnityEngine.Debug:Log(Object)
FloorBuilder:Reset() (at /Users/arthurj/obstacle-tower/otc/Assets/ObstacleTower/Scripts/FloorLogic/FloorBuilder.cs:99)
ObstacleTowerAgent:AgentReset() (at /Users/arthurj/obstacle-tower/otc/Assets/ObstacleTower/Scripts/AgentLogic/ObstacleTowerAgent.cs:293)
MLAgents.Agent:_AgentReset() (at /Users/arthurj/obstacle-tower/otc/Assets/ML-Agents/Scripts/Agent.cs:858)
MLAgents.Agent:ResetIfDone() (at /Users/arthurj/obstacle-tower/otc/Assets/ML-Agents/Scripts/Agent.cs:969)
MLAgents.Academy:EnvironmentStep() (at /Users/arthurj/obstacle-tower/otc/Assets/ML-Agents/Scripts/Academy.cs:580)
MLAgents.Academy:FixedUpdate() (at /Users/arthurj/obstacle-tower/otc/Assets/ML-Agents/Scripts/Academy.cs:610)

Log
Seed: 18
UnityEngine.Debug:Log(Object)
FloorBuilder:Reset() (at /Users/arthurj/obstacle-tower/otc/Assets/ObstacleTower/Scripts/FloorLogic/FloorBuilder.cs:99)
ObstacleTowerAgent:AgentReset() (at /Users/arthurj/obstacle-tower/otc/Assets/ObstacleTower/Scripts/AgentLogic/ObstacleTowerAgent.cs:293)
MLAgents.Agent:_AgentReset() (at /Users/arthurj/obstacle-tower/otc/Assets/ML-Agents/Scripts/Agent.cs:858)
MLAgents.Agent:ResetIfDone() (at /Users/arthurj/obstacle-tower/otc/Assets/ML-Agents/Scripts/Agent.cs:969)
MLAgents.Academy:EnvironmentStep() (at /Users/arthurj/obstacle-tower/otc/Assets/ML-Agents/Scripts/Academy.cs:580)
MLAgents.Academy:FixedUpdate() (at /Users/arthurj/obstacle-tower/otc/Assets/ML-Agents/Scripts/Academy.cs:610)

Log
Academy resetting
UnityEngine.Debug:Log(Object)
ObstacleTowerAcademy:AcademyReset() (at /Users/arthurj/obstacle-tower/otc/Assets/ObstacleTower/Scripts/AgentLogic/ObstacleTowerAcademy.cs:60)
MLAgents.Academy:EnvironmentReset() (at /Users/arthurj/obstacle-tower/otc/Assets/ML-Agents/Scripts/Academy.cs:602)
MLAgents.Academy:ForcedFullReset() (at /Users/arthurj/obstacle-tower/otc/Assets/ML-Agents/Scripts/Academy.cs:518)
MLAgents.Academy:EnvironmentStep() (at /Users/arthurj/obstacle-tower/otc/Assets/ML-Agents/Scripts/Academy.cs:546)
MLAgents.Academy:FixedUpdate() (at /Users/arthurj/obstacle-tower/otc/Assets/ML-Agents/Scripts/Academy.cs:610)

Log
Seed: 48
UnityEngine.Debug:Log(Object)
FloorBuilder:Reset() (at /Users/arthurj/obstacle-tower/otc/Assets/ObstacleTower/Scripts/FloorLogic/FloorBuilder.cs:99)
ObstacleTowerAgent:AgentReset() (at /Users/arthurj/obstacle-tower/otc/Assets/ObstacleTower/Scripts/AgentLogic/ObstacleTowerAgent.cs:293)
MLAgents.Agent:_AgentReset() (at /Users/arthurj/obstacle-tower/otc/Assets/ML-Agents/Scripts/Agent.cs:858)
MLAgents.Academy:ForcedFullReset() (at /Users/arthurj/obstacle-tower/otc/Assets/ML-Agents/Scripts/Academy.cs:519)
MLAgents.Academy:EnvironmentStep() (at /Users/arthurj/obstacle-tower/otc/Assets/ML-Agents/Scripts/Academy.cs:546)
MLAgents.Academy:FixedUpdate() (at /Users/arthurj/obstacle-tower/otc/Assets/ML-Agents/Scripts/Academy.cs:610)

Log
Academy resetting
UnityEngine.Debug:Log(Object)
ObstacleTowerAcademy:AcademyReset() (at /Users/arthurj/obstacle-tower/otc/Assets/ObstacleTower/Scripts/AgentLogic/ObstacleTowerAcademy.cs:60)
MLAgents.Academy:EnvironmentReset() (at /Users/arthurj/obstacle-tower/otc/Assets/ML-Agents/Scripts/Academy.cs:602)
MLAgents.Academy:ForcedFullReset() (at /Users/arthurj/obstacle-tower/otc/Assets/ML-Agents/Scripts/Academy.cs:518)
MLAgents.Academy:EnvironmentStep() (at /Users/arthurj/obstacle-tower/otc/Assets/ML-Agents/Scripts/Academy.cs:546)
MLAgents.Academy:FixedUpdate() (at /Users/arthurj/obstacle-tower/otc/Assets/ML-Agents/Scripts/Academy.cs:610)

Log
Seed: 23
UnityEngine.Debug:Log(Object)
FloorBuilder:Reset() (at /Users/arthurj/obstacle-tower/otc/Assets/ObstacleTower/Scripts/FloorLogic/FloorBuilder.cs:99)
ObstacleTowerAgent:AgentReset() (at /Users/arthurj/obstacle-tower/otc/Assets/ObstacleTower/Scripts/AgentLogic/ObstacleTowerAgent.cs:293)
MLAgents.Agent:_AgentReset() (at /Users/arthurj/obstacle-tower/otc/Assets/ML-Agents/Scripts/Agent.cs:858)
MLAgents.Academy:ForcedFullReset() (at /Users/arthurj/obstacle-tower/otc/Assets/ML-Agents/Scripts/Academy.cs:519)
MLAgents.Academy:EnvironmentStep() (at /Users/arthurj/obstacle-tower/otc/Assets/ML-Agents/Scripts/Academy.cs:546)
MLAgents.Academy:FixedUpdate() (at /Users/arthurj/obstacle-tower/otc/Assets/ML-Agents/Scripts/Academy.cs:610)

Log
You reached floor: 1
UnityEngine.Debug:Log(Object)
ObstacleTowerAgent:AgentReset() (at /Users/arthurj/obstacle-tower/otc/Assets/ObstacleTower/Scripts/AgentLogic/ObstacleTowerAgent.cs:289)
MLAgents.Agent:_AgentReset() (at /Users/arthurj/obstacle-tower/otc/Assets/ML-Agents/Scripts/Agent.cs:858)
MLAgents.Agent:ResetIfDone() (at /Users/arthurj/obstacle-tower/otc/Assets/ML-Agents/Scripts/Agent.cs:969)
MLAgents.Academy:EnvironmentStep() (at /Users/arthurj/obstacle-tower/otc/Assets/ML-Agents/Scripts/Academy.cs:580)
MLAgents.Academy:FixedUpdate() (at /Users/arthurj/obstacle-tower/otc/Assets/ML-Agents/Scripts/Academy.cs:610)

Log
Seed: 3
UnityEngine.Debug:Log(Object)
FloorBuilder:Reset() (at /Users/arthurj/obstacle-tower/otc/Assets/ObstacleTower/Scripts/FloorLogic/FloorBuilder.cs:99)
ObstacleTowerAgent:AgentReset() (at /Users/arthurj/obstacle-tower/otc/Assets/ObstacleTower/Scripts/AgentLogic/ObstacleTowerAgent.cs:293)
MLAgents.Agent:_AgentReset() (at /Users/arthurj/obstacle-tower/otc/Assets/ML-Agents/Scripts/Agent.cs:858)
MLAgents.Agent:ResetIfDone() (at /Users/arthurj/obstacle-tower/otc/Assets/ML-Agents/Scripts/Agent.cs:969)
MLAgents.Academy:EnvironmentStep() (at /Users/arthurj/obstacle-tower/otc/Assets/ML-Agents/Scripts/Academy.cs:580)
MLAgents.Academy:FixedUpdate() (at /Users/arthurj/obstacle-tower/otc/Assets/ML-Agents/Scripts/Academy.cs:610)

Log
Academy resetting
UnityEngine.Debug:Log(Object)
ObstacleTowerAcademy:AcademyReset() (at /Users/arthurj/obstacle-tower/otc/Assets/ObstacleTower/Scripts/AgentLogic/ObstacleTowerAcademy.cs:60)
MLAgents.Academy:EnvironmentReset() (at /Users/arthurj/obstacle-tower/otc/Assets/ML-Agents/Scripts/Academy.cs:602)
MLAgents.Academy:ForcedFullReset() (at /Users/arthurj/obstacle-tower/otc/Assets/ML-Agents/Scripts/Academy.cs:518)
MLAgents.Academy:EnvironmentStep() (at /Users/arthurj/obstacle-tower/otc/Assets/ML-Agents/Scripts/Academy.cs:546)
MLAgents.Academy:FixedUpdate() (at /Users/arthurj/obstacle-tower/otc/Assets/ML-Agents/Scripts/Academy.cs:610)

Log
Seed: 24
UnityEngine.Debug:Log(Object)
FloorBuilder:Reset() (at /Users/arthurj/obstacle-tower/otc/Assets/ObstacleTower/Scripts/FloorLogic/FloorBuilder.cs:99)
ObstacleTowerAgent:AgentReset() (at /Users/arthurj/obstacle-tower/otc/Assets/ObstacleTower/Scripts/AgentLogic/ObstacleTowerAgent.cs:293)
MLAgents.Agent:_AgentReset() (at /Users/arthurj/obstacle-tower/otc/Assets/ML-Agents/Scripts/Agent.cs:858)
MLAgents.Academy:ForcedFullReset() (at /Users/arthurj/obstacle-tower/otc/Assets/ML-Agents/Scripts/Academy.cs:519)
MLAgents.Academy:EnvironmentStep() (at /Users/arthurj/obstacle-tower/otc/Assets/ML-Agents/Scripts/Academy.cs:546)
MLAgents.Academy:FixedUpdate() (at /Users/arthurj/obstacle-tower/otc/Assets/ML-Agents/Scripts/Academy.cs:610)

Log
Seed: 34
UnityEngine.Debug:Log(Object)
FloorBuilder:Reset() (at /Users/arthurj/obstacle-tower/otc/Assets/ObstacleTower/Scripts/FloorLogic/FloorBuilder.cs:99)
ObstacleTowerAgent:AgentReset() (at /Users/arthurj/obstacle-tower/otc/Assets/ObstacleTower/Scripts/AgentLogic/ObstacleTowerAgent.cs:293)
MLAgents.Agent:_AgentReset() (at /Users/arthurj/obstacle-tower/otc/Assets/ML-Agents/Scripts/Agent.cs:858)
MLAgents.Agent:ResetIfDone() (at /Users/arthurj/obstacle-tower/otc/Assets/ML-Agents/Scripts/Agent.cs:969)
MLAgents.Academy:EnvironmentStep() (at /Users/arthurj/obstacle-tower/otc/Assets/ML-Agents/Scripts/Academy.cs:580)
MLAgents.Academy:FixedUpdate() (at /Users/arthurj/obstacle-tower/otc/Assets/ML-Agents/Scripts/Academy.cs:610)

Log
Academy resetting
UnityEngine.Debug:Log(Object)
ObstacleTowerAcademy:AcademyReset() (at /Users/arthurj/obstacle-tower/otc/Assets/ObstacleTower/Scripts/AgentLogic/ObstacleTowerAcademy.cs:60)
MLAgents.Academy:EnvironmentReset() (at /Users/arthurj/obstacle-tower/otc/Assets/ML-Agents/Scripts/Academy.cs:602)
MLAgents.Academy:ForcedFullReset() (at /Users/arthurj/obstacle-tower/otc/Assets/ML-Agents/Scripts/Academy.cs:518)
MLAgents.Academy:EnvironmentStep() (at /Users/arthurj/obstacle-tower/otc/Assets/ML-Agents/Scripts/Academy.cs:546)
MLAgents.Academy:FixedUpdate() (at /Users/arthurj/obstacle-tower/otc/Assets/ML-Agents/Scripts/Academy.cs:610)

Log
Seed: 39
UnityEngine.Debug:Log(Object)
FloorBuilder:Reset() (at /Users/arthurj/obstacle-tower/otc/Assets/ObstacleTower/Scripts/FloorLogic/FloorBuilder.cs:99)
ObstacleTowerAgent:AgentReset() (at /Users/arthurj/obstacle-tower/otc/Assets/ObstacleTower/Scripts/AgentLogic/ObstacleTowerAgent.cs:293)
MLAgents.Agent:_AgentReset() (at /Users/arthurj/obstacle-tower/otc/Assets/ML-Agents/Scripts/Agent.cs:858)
MLAgents.Academy:ForcedFullReset() (at /Users/arthurj/obstacle-tower/otc/Assets/ML-Agents/Scripts/Academy.cs:519)
MLAgents.Academy:EnvironmentStep() (at /Users/arthurj/obstacle-tower/otc/Assets/ML-Agents/Scripts/Academy.cs:546)
MLAgents.Academy:FixedUpdate() (at /Users/arthurj/obstacle-tower/otc/Assets/ML-Agents/Scripts/Academy.cs:610)

Log
Seed: 46
UnityEngine.Debug:Log(Object)
FloorBuilder:Reset() (at /Users/arthurj/obstacle-tower/otc/Assets/ObstacleTower/Scripts/FloorLogic/FloorBuilder.cs:99)
ObstacleTowerAgent:AgentReset() (at /Users/arthurj/obstacle-tower/otc/Assets/ObstacleTower/Scripts/AgentLogic/ObstacleTowerAgent.cs:293)
MLAgents.Agent:_AgentReset() (at /Users/arthurj/obstacle-tower/otc/Assets/ML-Agents/Scripts/Agent.cs:858)
MLAgents.Agent:ResetIfDone() (at /Users/arthurj/obstacle-tower/otc/Assets/ML-Agents/Scripts/Agent.cs:969)
MLAgents.Academy:EnvironmentStep() (at /Users/arthurj/obstacle-tower/otc/Assets/ML-Agents/Scripts/Academy.cs:580)
MLAgents.Academy:FixedUpdate() (at /Users/arthurj/obstacle-tower/otc/Assets/ML-Agents/Scripts/Academy.cs:610)

Log
Academy resetting
UnityEngine.Debug:Log(Object)
ObstacleTowerAcademy:AcademyReset() (at /Users/arthurj/obstacle-tower/otc/Assets/ObstacleTower/Scripts/AgentLogic/ObstacleTowerAcademy.cs:60)
MLAgents.Academy:EnvironmentReset() (at /Users/arthurj/obstacle-tower/otc/Assets/ML-Agents/Scripts/Academy.cs:602)
MLAgents.Academy:ForcedFullReset() (at /Users/arthurj/obstacle-tower/otc/Assets/ML-Agents/Scripts/Academy.cs:518)
MLAgents.Academy:EnvironmentStep() (at /Users/arthurj/obstacle-tower/otc/Assets/ML-Agents/Scripts/Academy.cs:546)
MLAgents.Academy:FixedUpdate() (at /Users/arthurj/obstacle-tower/otc/Assets/ML-Agents/Scripts/Academy.cs:610)

Log
Seed: 68
UnityEngine.Debug:Log(Object)
FloorBuilder:Reset() (at /Users/arthurj/obstacle-tower/otc/Assets/ObstacleTower/Scripts/FloorLogic/FloorBuilder.cs:99)
ObstacleTowerAgent:AgentReset() (at /Users/arthurj/obstacle-tower/otc/Assets/ObstacleTower/Scripts/AgentLogic/ObstacleTowerAgent.cs:293)
MLAgents.Agent:_AgentReset() (at /Users/arthurj/obstacle-tower/otc/Assets/ML-Agents/Scripts/Agent.cs:858)
MLAgents.Academy:ForcedFullReset() (at /Users/arthurj/obstacle-tower/otc/Assets/ML-Agents/Scripts/Academy.cs:519)
MLAgents.Academy:EnvironmentStep() (at /Users/arthurj/obstacle-tower/otc/Assets/ML-Agents/Scripts/Academy.cs:546)
MLAgents.Academy:FixedUpdate() (at /Users/arthurj/obstacle-tower/otc/Assets/ML-Agents/Scripts/Academy.cs:610)

Log
You reached floor: 1
UnityEngine.Debug:Log(Object)
ObstacleTowerAgent:AgentReset() (at /Users/arthurj/obstacle-tower/otc/Assets/ObstacleTower/Scripts/AgentLogic/ObstacleTowerAgent.cs:289)
MLAgents.Agent:_AgentReset() (at /Users/arthurj/obstacle-tower/otc/Assets/ML-Agents/Scripts/Agent.cs:858)
MLAgents.Agent:ResetIfDone() (at /Users/arthurj/obstacle-tower/otc/Assets/ML-Agents/Scripts/Agent.cs:969)
MLAgents.Academy:EnvironmentStep() (at /Users/arthurj/obstacle-tower/otc/Assets/ML-Agents/Scripts/Academy.cs:580)
MLAgents.Academy:FixedUpdate() (at /Users/arthurj/obstacle-tower/otc/Assets/ML-Agents/Scripts/Academy.cs:610)

Log
Seed: 20
UnityEngine.Debug:Log(Object)
FloorBuilder:Reset() (at /Users/arthurj/obstacle-tower/otc/Assets/ObstacleTower/Scripts/FloorLogic/FloorBuilder.cs:99)
ObstacleTowerAgent:AgentReset() (at /Users/arthurj/obstacle-tower/otc/Assets/ObstacleTower/Scripts/AgentLogic/ObstacleTowerAgent.cs:293)
MLAgents.Agent:_AgentReset() (at /Users/arthurj/obstacle-tower/otc/Assets/ML-Agents/Scripts/Agent.cs:858)
MLAgents.Agent:ResetIfDone() (at /Users/arthurj/obstacle-tower/otc/Assets/ML-Agents/Scripts/Agent.cs:969)
MLAgents.Academy:EnvironmentStep() (at /Users/arthurj/obstacle-tower/otc/Assets/ML-Agents/Scripts/Academy.cs:580)
MLAgents.Academy:FixedUpdate() (at /Users/arthurj/obstacle-tower/otc/Assets/ML-Agents/Scripts/Academy.cs:610)

Log
Academy resetting
UnityEngine.Debug:Log(Object)
ObstacleTowerAcademy:AcademyReset() (at /Users/arthurj/obstacle-tower/otc/Assets/ObstacleTower/Scripts/AgentLogic/ObstacleTowerAcademy.cs:60)
MLAgents.Academy:EnvironmentReset() (at /Users/arthurj/obstacle-tower/otc/Assets/ML-Agents/Scripts/Academy.cs:602)
MLAgents.Academy:ForcedFullReset() (at /Users/arthurj/obstacle-tower/otc/Assets/ML-Agents/Scripts/Academy.cs:518)
MLAgents.Academy:EnvironmentStep() (at /Users/arthurj/obstacle-tower/otc/Assets/ML-Agents/Scripts/Academy.cs:546)
MLAgents.Academy:FixedUpdate() (at /Users/arthurj/obstacle-tower/otc/Assets/ML-Agents/Scripts/Academy.cs:610)

Log
Seed: 26
UnityEngine.Debug:Log(Object)
FloorBuilder:Reset() (at /Users/arthurj/obstacle-tower/otc/Assets/ObstacleTower/Scripts/FloorLogic/FloorBuilder.cs:99)
ObstacleTowerAgent:AgentReset() (at /Users/arthurj/obstacle-tower/otc/Assets/ObstacleTower/Scripts/AgentLogic/ObstacleTowerAgent.cs:293)
MLAgents.Agent:_AgentReset() (at /Users/arthurj/obstacle-tower/otc/Assets/ML-Agents/Scripts/Agent.cs:858)
MLAgents.Academy:ForcedFullReset() (at /Users/arthurj/obstacle-tower/otc/Assets/ML-Agents/Scripts/Academy.cs:519)
MLAgents.Academy:EnvironmentStep() (at /Users/arthurj/obstacle-tower/otc/Assets/ML-Agents/Scripts/Academy.cs:546)
MLAgents.Academy:FixedUpdate() (at /Users/arthurj/obstacle-tower/otc/Assets/ML-Agents/Scripts/Academy.cs:610)

Log
Seed: 2
UnityEngine.Debug:Log(Object)
FloorBuilder:Reset() (at /Users/arthurj/obstacle-tower/otc/Assets/ObstacleTower/Scripts/FloorLogic/FloorBuilder.cs:99)
ObstacleTowerAgent:AgentReset() (at /Users/arthurj/obstacle-tower/otc/Assets/ObstacleTower/Scripts/AgentLogic/ObstacleTowerAgent.cs:293)
MLAgents.Agent:_AgentReset() (at /Users/arthurj/obstacle-tower/otc/Assets/ML-Agents/Scripts/Agent.cs:858)
MLAgents.Agent:ResetIfDone() (at /Users/arthurj/obstacle-tower/otc/Assets/ML-Agents/Scripts/Agent.cs:969)
MLAgents.Academy:EnvironmentStep() (at /Users/arthurj/obstacle-tower/otc/Assets/ML-Agents/Scripts/Academy.cs:580)
MLAgents.Academy:FixedUpdate() (at /Users/arthurj/obstacle-tower/otc/Assets/ML-Agents/Scripts/Academy.cs:610)

Log
Academy resetting
UnityEngine.Debug:Log(Object)
ObstacleTowerAcademy:AcademyReset() (at /Users/arthurj/obstacle-tower/otc/Assets/ObstacleTower/Scripts/AgentLogic/ObstacleTowerAcademy.cs:60)
MLAgents.Academy:EnvironmentReset() (at /Users/arthurj/obstacle-tower/otc/Assets/ML-Agents/Scripts/Academy.cs:602)
MLAgents.Academy:ForcedFullReset() (at /Users/arthurj/obstacle-tower/otc/Assets/ML-Agents/Scripts/Academy.cs:518)
MLAgents.Academy:EnvironmentStep() (at /Users/arthurj/obstacle-tower/otc/Assets/ML-Agents/Scripts/Academy.cs:546)
MLAgents.Academy:FixedUpdate() (at /Users/arthurj/obstacle-tower/otc/Assets/ML-Agents/Scripts/Academy.cs:610)

Log
Seed: 88
UnityEngine.Debug:Log(Object)
FloorBuilder:Reset() (at /Users/arthurj/obstacle-tower/otc/Assets/ObstacleTower/Scripts/FloorLogic/FloorBuilder.cs:99)
ObstacleTowerAgent:AgentReset() (at /Users/arthurj/obstacle-tower/otc/Assets/ObstacleTower/Scripts/AgentLogic/ObstacleTowerAgent.cs:293)
MLAgents.Agent:_AgentReset() (at /Users/arthurj/obstacle-tower/otc/Assets/ML-Agents/Scripts/Agent.cs:858)
MLAgents.Academy:ForcedFullReset() (at /Users/arthurj/obstacle-tower/otc/Assets/ML-Agents/Scripts/Academy.cs:519)
MLAgents.Academy:EnvironmentStep() (at /Users/arthurj/obstacle-tower/otc/Assets/ML-Agents/Scripts/Academy.cs:546)
MLAgents.Academy:FixedUpdate() (at /Users/arthurj/obstacle-tower/otc/Assets/ML-Agents/Scripts/Academy.cs:610)

Log
Seed: 82
UnityEngine.Debug:Log(Object)
FloorBuilder:Reset() (at /Users/arthurj/obstacle-tower/otc/Assets/ObstacleTower/Scripts/FloorLogic/FloorBuilder.cs:99)
ObstacleTowerAgent:AgentReset() (at /Users/arthurj/obstacle-tower/otc/Assets/ObstacleTower/Scripts/AgentLogic/ObstacleTowerAgent.cs:293)
MLAgents.Agent:_AgentReset() (at /Users/arthurj/obstacle-tower/otc/Assets/ML-Agents/Scripts/Agent.cs:858)
MLAgents.Agent:ResetIfDone() (at /Users/arthurj/obstacle-tower/otc/Assets/ML-Agents/Scripts/Agent.cs:969)
MLAgents.Academy:EnvironmentStep() (at /Users/arthurj/obstacle-tower/otc/Assets/ML-Agents/Scripts/Academy.cs:580)
MLAgents.Academy:FixedUpdate() (at /Users/arthurj/obstacle-tower/otc/Assets/ML-Agents/Scripts/Academy.cs:610)

Log
Academy resetting
UnityEngine.Debug:Log(Object)
ObstacleTowerAcademy:AcademyReset() (at /Users/arthurj/obstacle-tower/otc/Assets/ObstacleTower/Scripts/AgentLogic/ObstacleTowerAcademy.cs:60)
MLAgents.Academy:EnvironmentReset() (at /Users/arthurj/obstacle-tower/otc/Assets/ML-Agents/Scripts/Academy.cs:602)
MLAgents.Academy:ForcedFullReset() (at /Users/arthurj/obstacle-tower/otc/Assets/ML-Agents/Scripts/Academy.cs:518)
MLAgents.Academy:EnvironmentStep() (at /Users/arthurj/obstacle-tower/otc/Assets/ML-Agents/Scripts/Academy.cs:546)
MLAgents.Academy:FixedUpdate() (at /Users/arthurj/obstacle-tower/otc/Assets/ML-Agents/Scripts/Academy.cs:610)

Log
Seed: 3
UnityEngine.Debug:Log(Object)
FloorBuilder:Reset() (at /Users/arthurj/obstacle-tower/otc/Assets/ObstacleTower/Scripts/FloorLogic/FloorBuilder.cs:99)
ObstacleTowerAgent:AgentReset() (at /Users/arthurj/obstacle-tower/otc/Assets/ObstacleTower/Scripts/AgentLogic/ObstacleTowerAgent.cs:293)
MLAgents.Agent:_AgentReset() (at /Users/arthurj/obstacle-tower/otc/Assets/ML-Agents/Scripts/Agent.cs:858)
MLAgents.Academy:ForcedFullReset() (at /Users/arthurj/obstacle-tower/otc/Assets/ML-Agents/Scripts/Academy.cs:519)
MLAgents.Academy:EnvironmentStep() (at /Users/arthurj/obstacle-tower/otc/Assets/ML-Agents/Scripts/Academy.cs:546)
MLAgents.Academy:FixedUpdate() (at /Users/arthurj/obstacle-tower/otc/Assets/ML-Agents/Scripts/Academy.cs:610)

Log
Seed: 74
UnityEngine.Debug:Log(Object)
FloorBuilder:Reset() (at /Users/arthurj/obstacle-tower/otc/Assets/ObstacleTower/Scripts/FloorLogic/FloorBuilder.cs:99)
ObstacleTowerAgent:AgentReset() (at /Users/arthurj/obstacle-tower/otc/Assets/ObstacleTower/Scripts/AgentLogic/ObstacleTowerAgent.cs:293)
MLAgents.Agent:_AgentReset() (at /Users/arthurj/obstacle-tower/otc/Assets/ML-Agents/Scripts/Agent.cs:858)
MLAgents.Agent:ResetIfDone() (at /Users/arthurj/obstacle-tower/otc/Assets/ML-Agents/Scripts/Agent.cs:969)
MLAgents.Academy:EnvironmentStep() (at /Users/arthurj/obstacle-tower/otc/Assets/ML-Agents/Scripts/Academy.cs:580)
MLAgents.Academy:FixedUpdate() (at /Users/arthurj/obstacle-tower/otc/Assets/ML-Agents/Scripts/Academy.cs:610)

Log
Academy resetting
UnityEngine.Debug:Log(Object)
ObstacleTowerAcademy:AcademyReset() (at /Users/arthurj/obstacle-tower/otc/Assets/ObstacleTower/Scripts/AgentLogic/ObstacleTowerAcademy.cs:60)
MLAgents.Academy:EnvironmentReset() (at /Users/arthurj/obstacle-tower/otc/Assets/ML-Agents/Scripts/Academy.cs:602)
MLAgents.Academy:ForcedFullReset() (at /Users/arthurj/obstacle-tower/otc/Assets/ML-Agents/Scripts/Academy.cs:518)
MLAgents.Academy:EnvironmentStep() (at /Users/arthurj/obstacle-tower/otc/Assets/ML-Agents/Scripts/Academy.cs:546)
MLAgents.Academy:FixedUpdate() (at /Users/arthurj/obstacle-tower/otc/Assets/ML-Agents/Scripts/Academy.cs:610)

Log
Seed: 15
UnityEngine.Debug:Log(Object)
FloorBuilder:Reset() (at /Users/arthurj/obstacle-tower/otc/Assets/ObstacleTower/Scripts/FloorLogic/FloorBuilder.cs:99)
ObstacleTowerAgent:AgentReset() (at /Users/arthurj/obstacle-tower/otc/Assets/ObstacleTower/Scripts/AgentLogic/ObstacleTowerAgent.cs:293)
MLAgents.Agent:_AgentReset() (at /Users/arthurj/obstacle-tower/otc/Assets/ML-Agents/Scripts/Agent.cs:858)
MLAgents.Academy:ForcedFullReset() (at /Users/arthurj/obstacle-tower/otc/Assets/ML-Agents/Scripts/Academy.cs:519)
MLAgents.Academy:EnvironmentStep() (at /Users/arthurj/obstacle-tower/otc/Assets/ML-Agents/Scripts/Academy.cs:546)
MLAgents.Academy:FixedUpdate() (at /Users/arthurj/obstacle-tower/otc/Assets/ML-Agents/Scripts/Academy.cs:610)

Log
Seed: 2
UnityEngine.Debug:Log(Object)
FloorBuilder:Reset() (at /Users/arthurj/obstacle-tower/otc/Assets/ObstacleTower/Scripts/FloorLogic/FloorBuilder.cs:99)
ObstacleTowerAgent:AgentReset() (at /Users/arthurj/obstacle-tower/otc/Assets/ObstacleTower/Scripts/AgentLogic/ObstacleTowerAgent.cs:293)
MLAgents.Agent:_AgentReset() (at /Users/arthurj/obstacle-tower/otc/Assets/ML-Agents/Scripts/Agent.cs:858)
MLAgents.Agent:ResetIfDone() (at /Users/arthurj/obstacle-tower/otc/Assets/ML-Agents/Scripts/Agent.cs:969)
MLAgents.Academy:EnvironmentStep() (at /Users/arthurj/obstacle-tower/otc/Assets/ML-Agents/Scripts/Academy.cs:580)
MLAgents.Academy:FixedUpdate() (at /Users/arthurj/obstacle-tower/otc/Assets/ML-Agents/Scripts/Academy.cs:610)

Log
Academy resetting
UnityEngine.Debug:Log(Object)
ObstacleTowerAcademy:AcademyReset() (at /Users/arthurj/obstacle-tower/otc/Assets/ObstacleTower/Scripts/AgentLogic/ObstacleTowerAcademy.cs:60)
MLAgents.Academy:EnvironmentReset() (at /Users/arthurj/obstacle-tower/otc/Assets/ML-Agents/Scripts/Academy.cs:602)
MLAgents.Academy:ForcedFullReset() (at /Users/arthurj/obstacle-tower/otc/Assets/ML-Agents/Scripts/Academy.cs:518)
MLAgents.Academy:EnvironmentStep() (at /Users/arthurj/obstacle-tower/otc/Assets/ML-Agents/Scripts/Academy.cs:546)
MLAgents.Academy:FixedUpdate() (at /Users/arthurj/obstacle-tower/otc/Assets/ML-Agents/Scripts/Academy.cs:610)

Log
Seed: 43
UnityEngine.Debug:Log(Object)
FloorBuilder:Reset() (at /Users/arthurj/obstacle-tower/otc/Assets/ObstacleTower/Scripts/FloorLogic/FloorBuilder.cs:99)
ObstacleTowerAgent:AgentReset() (at /Users/arthurj/obstacle-tower/otc/Assets/ObstacleTower/Scripts/AgentLogic/ObstacleTowerAgent.cs:293)
MLAgents.Agent:_AgentReset() (at /Users/arthurj/obstacle-tower/otc/Assets/ML-Agents/Scripts/Agent.cs:858)
MLAgents.Academy:ForcedFullReset() (at /Users/arthurj/obstacle-tower/otc/Assets/ML-Agents/Scripts/Academy.cs:519)
MLAgents.Academy:EnvironmentStep() (at /Users/arthurj/obstacle-tower/otc/Assets/ML-Agents/Scripts/Academy.cs:546)
MLAgents.Academy:FixedUpdate() (at /Users/arthurj/obstacle-tower/otc/Assets/ML-Agents/Scripts/Academy.cs:610)

Log
You reached floor: 1
UnityEngine.Debug:Log(Object)
ObstacleTowerAgent:AgentReset() (at /Users/arthurj/obstacle-tower/otc/Assets/ObstacleTower/Scripts/AgentLogic/ObstacleTowerAgent.cs:289)
MLAgents.Agent:_AgentReset() (at /Users/arthurj/obstacle-tower/otc/Assets/ML-Agents/Scripts/Agent.cs:858)
MLAgents.Agent:ResetIfDone() (at /Users/arthurj/obstacle-tower/otc/Assets/ML-Agents/Scripts/Agent.cs:969)
MLAgents.Academy:EnvironmentStep() (at /Users/arthurj/obstacle-tower/otc/Assets/ML-Agents/Scripts/Academy.cs:580)
MLAgents.Academy:FixedUpdate() (at /Users/arthurj/obstacle-tower/otc/Assets/ML-Agents/Scripts/Academy.cs:610)

Log
Seed: 17
UnityEngine.Debug:Log(Object)
FloorBuilder:Reset() (at /Users/arthurj/obstacle-tower/otc/Assets/ObstacleTower/Scripts/FloorLogic/FloorBuilder.cs:99)
ObstacleTowerAgent:AgentReset() (at /Users/arthurj/obstacle-tower/otc/Assets/ObstacleTower/Scripts/AgentLogic/ObstacleTowerAgent.cs:293)
MLAgents.Agent:_AgentReset() (at /Users/arthurj/obstacle-tower/otc/Assets/ML-Agents/Scripts/Agent.cs:858)
MLAgents.Agent:ResetIfDone() (at /Users/arthurj/obstacle-tower/otc/Assets/ML-Agents/Scripts/Agent.cs:969)
MLAgents.Academy:EnvironmentStep() (at /Users/arthurj/obstacle-tower/otc/Assets/ML-Agents/Scripts/Academy.cs:580)
MLAgents.Academy:FixedUpdate() (at /Users/arthurj/obstacle-tower/otc/Assets/ML-Agents/Scripts/Academy.cs:610)

Log
Academy resetting
UnityEngine.Debug:Log(Object)
ObstacleTowerAcademy:AcademyReset() (at /Users/arthurj/obstacle-tower/otc/Assets/ObstacleTower/Scripts/AgentLogic/ObstacleTowerAcademy.cs:60)
MLAgents.Academy:EnvironmentReset() (at /Users/arthurj/obstacle-tower/otc/Assets/ML-Agents/Scripts/Academy.cs:602)
MLAgents.Academy:ForcedFullReset() (at /Users/arthurj/obstacle-tower/otc/Assets/ML-Agents/Scripts/Academy.cs:518)
MLAgents.Academy:EnvironmentStep() (at /Users/arthurj/obstacle-tower/otc/Assets/ML-Agents/Scripts/Academy.cs:546)
MLAgents.Academy:FixedUpdate() (at /Users/arthurj/obstacle-tower/otc/Assets/ML-Agents/Scripts/Academy.cs:610)

Log
Seed: 59
UnityEngine.Debug:Log(Object)
FloorBuilder:Reset() (at /Users/arthurj/obstacle-tower/otc/Assets/ObstacleTower/Scripts/FloorLogic/FloorBuilder.cs:99)
ObstacleTowerAgent:AgentReset() (at /Users/arthurj/obstacle-tower/otc/Assets/ObstacleTower/Scripts/AgentLogic/ObstacleTowerAgent.cs:293)
MLAgents.Agent:_AgentReset() (at /Users/arthurj/obstacle-tower/otc/Assets/ML-Agents/Scripts/Agent.cs:858)
MLAgents.Academy:ForcedFullReset() (at /Users/arthurj/obstacle-tower/otc/Assets/ML-Agents/Scripts/Academy.cs:519)
MLAgents.Academy:EnvironmentStep() (at /Users/arthurj/obstacle-tower/otc/Assets/ML-Agents/Scripts/Academy.cs:546)
MLAgents.Academy:FixedUpdate() (at /Users/arthurj/obstacle-tower/otc/Assets/ML-Agents/Scripts/Academy.cs:610)

Log
Seed: 65
UnityEngine.Debug:Log(Object)
FloorBuilder:Reset() (at /Users/arthurj/obstacle-tower/otc/Assets/ObstacleTower/Scripts/FloorLogic/FloorBuilder.cs:99)
ObstacleTowerAgent:AgentReset() (at /Users/arthurj/obstacle-tower/otc/Assets/ObstacleTower/Scripts/AgentLogic/ObstacleTowerAgent.cs:293)
MLAgents.Agent:_AgentReset() (at /Users/arthurj/obstacle-tower/otc/Assets/ML-Agents/Scripts/Agent.cs:858)
MLAgents.Agent:ResetIfDone() (at /Users/arthurj/obstacle-tower/otc/Assets/ML-Agents/Scripts/Agent.cs:969)
MLAgents.Academy:EnvironmentStep() (at /Users/arthurj/obstacle-tower/otc/Assets/ML-Agents/Scripts/Academy.cs:580)
MLAgents.Academy:FixedUpdate() (at /Users/arthurj/obstacle-tower/otc/Assets/ML-Agents/Scripts/Academy.cs:610)

Log
Academy resetting
UnityEngine.Debug:Log(Object)
ObstacleTowerAcademy:AcademyReset() (at /Users/arthurj/obstacle-tower/otc/Assets/ObstacleTower/Scripts/AgentLogic/ObstacleTowerAcademy.cs:60)
MLAgents.Academy:EnvironmentReset() (at /Users/arthurj/obstacle-tower/otc/Assets/ML-Agents/Scripts/Academy.cs:602)
MLAgents.Academy:ForcedFullReset() (at /Users/arthurj/obstacle-tower/otc/Assets/ML-Agents/Scripts/Academy.cs:518)
MLAgents.Academy:EnvironmentStep() (at /Users/arthurj/obstacle-tower/otc/Assets/ML-Agents/Scripts/Academy.cs:546)
MLAgents.Academy:FixedUpdate() (at /Users/arthurj/obstacle-tower/otc/Assets/ML-Agents/Scripts/Academy.cs:610)

Log
Seed: 70
UnityEngine.Debug:Log(Object)
FloorBuilder:Reset() (at /Users/arthurj/obstacle-tower/otc/Assets/ObstacleTower/Scripts/FloorLogic/FloorBuilder.cs:99)
ObstacleTowerAgent:AgentReset() (at /Users/arthurj/obstacle-tower/otc/Assets/ObstacleTower/Scripts/AgentLogic/ObstacleTowerAgent.cs:293)
MLAgents.Agent:_AgentReset() (at /Users/arthurj/obstacle-tower/otc/Assets/ML-Agents/Scripts/Agent.cs:858)
MLAgents.Academy:ForcedFullReset() (at /Users/arthurj/obstacle-tower/otc/Assets/ML-Agents/Scripts/Academy.cs:519)
MLAgents.Academy:EnvironmentStep() (at /Users/arthurj/obstacle-tower/otc/Assets/ML-Agents/Scripts/Academy.cs:546)
MLAgents.Academy:FixedUpdate() (at /Users/arthurj/obstacle-tower/otc/Assets/ML-Agents/Scripts/Academy.cs:610)

Log
You reached floor: 1
UnityEngine.Debug:Log(Object)
ObstacleTowerAgent:AgentReset() (at /Users/arthurj/obstacle-tower/otc/Assets/ObstacleTower/Scripts/AgentLogic/ObstacleTowerAgent.cs:289)
MLAgents.Agent:_AgentReset() (at /Users/arthurj/obstacle-tower/otc/Assets/ML-Agents/Scripts/Agent.cs:858)
MLAgents.Agent:ResetIfDone() (at /Users/arthurj/obstacle-tower/otc/Assets/ML-Agents/Scripts/Agent.cs:969)
MLAgents.Academy:EnvironmentStep() (at /Users/arthurj/obstacle-tower/otc/Assets/ML-Agents/Scripts/Academy.cs:580)
MLAgents.Academy:FixedUpdate() (at /Users/arthurj/obstacle-tower/otc/Assets/ML-Agents/Scripts/Academy.cs:610)

Log
Seed: 40
UnityEngine.Debug:Log(Object)
FloorBuilder:Reset() (at /Users/arthurj/obstacle-tower/otc/Assets/ObstacleTower/Scripts/FloorLogic/FloorBuilder.cs:99)
ObstacleTowerAgent:AgentReset() (at /Users/arthurj/obstacle-tower/otc/Assets/ObstacleTower/Scripts/AgentLogic/ObstacleTowerAgent.cs:293)
MLAgents.Agent:_AgentReset() (at /Users/arthurj/obstacle-tower/otc/Assets/ML-Agents/Scripts/Agent.cs:858)
MLAgents.Agent:ResetIfDone() (at /Users/arthurj/obstacle-tower/otc/Assets/ML-Agents/Scripts/Agent.cs:969)
MLAgents.Academy:EnvironmentStep() (at /Users/arthurj/obstacle-tower/otc/Assets/ML-Agents/Scripts/Academy.cs:580)
MLAgents.Academy:FixedUpdate() (at /Users/arthurj/obstacle-tower/otc/Assets/ML-Agents/Scripts/Academy.cs:610)

Log
Academy resetting
UnityEngine.Debug:Log(Object)
ObstacleTowerAcademy:AcademyReset() (at /Users/arthurj/obstacle-tower/otc/Assets/ObstacleTower/Scripts/AgentLogic/ObstacleTowerAcademy.cs:60)
MLAgents.Academy:EnvironmentReset() (at /Users/arthurj/obstacle-tower/otc/Assets/ML-Agents/Scripts/Academy.cs:602)
MLAgents.Academy:ForcedFullReset() (at /Users/arthurj/obstacle-tower/otc/Assets/ML-Agents/Scripts/Academy.cs:518)
MLAgents.Academy:EnvironmentStep() (at /Users/arthurj/obstacle-tower/otc/Assets/ML-Agents/Scripts/Academy.cs:546)
MLAgents.Academy:FixedUpdate() (at /Users/arthurj/obstacle-tower/otc/Assets/ML-Agents/Scripts/Academy.cs:610)

Log
Seed: 17
UnityEngine.Debug:Log(Object)
FloorBuilder:Reset() (at /Users/arthurj/obstacle-tower/otc/Assets/ObstacleTower/Scripts/FloorLogic/FloorBuilder.cs:99)
ObstacleTowerAgent:AgentReset() (at /Users/arthurj/obstacle-tower/otc/Assets/ObstacleTower/Scripts/AgentLogic/ObstacleTowerAgent.cs:293)
MLAgents.Agent:_AgentReset() (at /Users/arthurj/obstacle-tower/otc/Assets/ML-Agents/Scripts/Agent.cs:858)
MLAgents.Academy:ForcedFullReset() (at /Users/arthurj/obstacle-tower/otc/Assets/ML-Agents/Scripts/Academy.cs:519)
MLAgents.Academy:EnvironmentStep() (at /Users/arthurj/obstacle-tower/otc/Assets/ML-Agents/Scripts/Academy.cs:546)
MLAgents.Academy:FixedUpdate() (at /Users/arthurj/obstacle-tower/otc/Assets/ML-Agents/Scripts/Academy.cs:610)

Log
Seed: 24
UnityEngine.Debug:Log(Object)
FloorBuilder:Reset() (at /Users/arthurj/obstacle-tower/otc/Assets/ObstacleTower/Scripts/FloorLogic/FloorBuilder.cs:99)
ObstacleTowerAgent:AgentReset() (at /Users/arthurj/obstacle-tower/otc/Assets/ObstacleTower/Scripts/AgentLogic/ObstacleTowerAgent.cs:293)
MLAgents.Agent:_AgentReset() (at /Users/arthurj/obstacle-tower/otc/Assets/ML-Agents/Scripts/Agent.cs:858)
MLAgents.Agent:ResetIfDone() (at /Users/arthurj/obstacle-tower/otc/Assets/ML-Agents/Scripts/Agent.cs:969)
MLAgents.Academy:EnvironmentStep() (at /Users/arthurj/obstacle-tower/otc/Assets/ML-Agents/Scripts/Academy.cs:580)
MLAgents.Academy:FixedUpdate() (at /Users/arthurj/obstacle-tower/otc/Assets/ML-Agents/Scripts/Academy.cs:610)

Log
Academy resetting
UnityEngine.Debug:Log(Object)
ObstacleTowerAcademy:AcademyReset() (at /Users/arthurj/obstacle-tower/otc/Assets/ObstacleTower/Scripts/AgentLogic/ObstacleTowerAcademy.cs:60)
MLAgents.Academy:EnvironmentReset() (at /Users/arthurj/obstacle-tower/otc/Assets/ML-Agents/Scripts/Academy.cs:602)
MLAgents.Academy:ForcedFullReset() (at /Users/arthurj/obstacle-tower/otc/Assets/ML-Agents/Scripts/Academy.cs:518)
MLAgents.Academy:EnvironmentStep() (at /Users/arthurj/obstacle-tower/otc/Assets/ML-Agents/Scripts/Academy.cs:546)
MLAgents.Academy:FixedUpdate() (at /Users/arthurj/obstacle-tower/otc/Assets/ML-Agents/Scripts/Academy.cs:610)

Log
Seed: 94
UnityEngine.Debug:Log(Object)
FloorBuilder:Reset() (at /Users/arthurj/obstacle-tower/otc/Assets/ObstacleTower/Scripts/FloorLogic/FloorBuilder.cs:99)
ObstacleTowerAgent:AgentReset() (at /Users/arthurj/obstacle-tower/otc/Assets/ObstacleTower/Scripts/AgentLogic/ObstacleTowerAgent.cs:293)
MLAgents.Agent:_AgentReset() (at /Users/arthurj/obstacle-tower/otc/Assets/ML-Agents/Scripts/Agent.cs:858)
MLAgents.Academy:ForcedFullReset() (at /Users/arthurj/obstacle-tower/otc/Assets/ML-Agents/Scripts/Academy.cs:519)
MLAgents.Academy:EnvironmentStep() (at /Users/arthurj/obstacle-tower/otc/Assets/ML-Agents/Scripts/Academy.cs:546)
MLAgents.Academy:FixedUpdate() (at /Users/arthurj/obstacle-tower/otc/Assets/ML-Agents/Scripts/Academy.cs:610)

Log
Seed: 81
UnityEngine.Debug:Log(Object)
FloorBuilder:Reset() (at /Users/arthurj/obstacle-tower/otc/Assets/ObstacleTower/Scripts/FloorLogic/FloorBuilder.cs:99)
ObstacleTowerAgent:AgentReset() (at /Users/arthurj/obstacle-tower/otc/Assets/ObstacleTower/Scripts/AgentLogic/ObstacleTowerAgent.cs:293)
MLAgents.Agent:_AgentReset() (at /Users/arthurj/obstacle-tower/otc/Assets/ML-Agents/Scripts/Agent.cs:858)
MLAgents.Agent:ResetIfDone() (at /Users/arthurj/obstacle-tower/otc/Assets/ML-Agents/Scripts/Agent.cs:969)
MLAgents.Academy:EnvironmentStep() (at /Users/arthurj/obstacle-tower/otc/Assets/ML-Agents/Scripts/Academy.cs:580)
MLAgents.Academy:FixedUpdate() (at /Users/arthurj/obstacle-tower/otc/Assets/ML-Agents/Scripts/Academy.cs:610)

Log
Academy resetting
UnityEngine.Debug:Log(Object)
ObstacleTowerAcademy:AcademyReset() (at /Users/arthurj/obstacle-tower/otc/Assets/ObstacleTower/Scripts/AgentLogic/ObstacleTowerAcademy.cs:60)
MLAgents.Academy:EnvironmentReset() (at /Users/arthurj/obstacle-tower/otc/Assets/ML-Agents/Scripts/Academy.cs:602)
MLAgents.Academy:ForcedFullReset() (at /Users/arthurj/obstacle-tower/otc/Assets/ML-Agents/Scripts/Academy.cs:518)
MLAgents.Academy:EnvironmentStep() (at /Users/arthurj/obstacle-tower/otc/Assets/ML-Agents/Scripts/Academy.cs:546)
MLAgents.Academy:FixedUpdate() (at /Users/arthurj/obstacle-tower/otc/Assets/ML-Agents/Scripts/Academy.cs:610)

Log
Seed: 78
UnityEngine.Debug:Log(Object)
FloorBuilder:Reset() (at /Users/arthurj/obstacle-tower/otc/Assets/ObstacleTower/Scripts/FloorLogic/FloorBuilder.cs:99)
ObstacleTowerAgent:AgentReset() (at /Users/arthurj/obstacle-tower/otc/Assets/ObstacleTower/Scripts/AgentLogic/ObstacleTowerAgent.cs:293)
MLAgents.Agent:_AgentReset() (at /Users/arthurj/obstacle-tower/otc/Assets/ML-Agents/Scripts/Agent.cs:858)
MLAgents.Academy:ForcedFullReset() (at /Users/arthurj/obstacle-tower/otc/Assets/ML-Agents/Scripts/Academy.cs:519)
MLAgents.Academy:EnvironmentStep() (at /Users/arthurj/obstacle-tower/otc/Assets/ML-Agents/Scripts/Academy.cs:546)
MLAgents.Academy:FixedUpdate() (at /Users/arthurj/obstacle-tower/otc/Assets/ML-Agents/Scripts/Academy.cs:610)

Log
Seed: 31
UnityEngine.Debug:Log(Object)
FloorBuilder:Reset() (at /Users/arthurj/obstacle-tower/otc/Assets/ObstacleTower/Scripts/FloorLogic/FloorBuilder.cs:99)
ObstacleTowerAgent:AgentReset() (at /Users/arthurj/obstacle-tower/otc/Assets/ObstacleTower/Scripts/AgentLogic/ObstacleTowerAgent.cs:293)
MLAgents.Agent:_AgentReset() (at /Users/arthurj/obstacle-tower/otc/Assets/ML-Agents/Scripts/Agent.cs:858)
MLAgents.Agent:ResetIfDone() (at /Users/arthurj/obstacle-tower/otc/Assets/ML-Agents/Scripts/Agent.cs:969)
MLAgents.Academy:EnvironmentStep() (at /Users/arthurj/obstacle-tower/otc/Assets/ML-Agents/Scripts/Academy.cs:580)
MLAgents.Academy:FixedUpdate() (at /Users/arthurj/obstacle-tower/otc/Assets/ML-Agents/Scripts/Academy.cs:610)

Log
Academy resetting
UnityEngine.Debug:Log(Object)
ObstacleTowerAcademy:AcademyReset() (at /Users/arthurj/obstacle-tower/otc/Assets/ObstacleTower/Scripts/AgentLogic/ObstacleTowerAcademy.cs:60)
MLAgents.Academy:EnvironmentReset() (at /Users/arthurj/obstacle-tower/otc/Assets/ML-Agents/Scripts/Academy.cs:602)
MLAgents.Academy:ForcedFullReset() (at /Users/arthurj/obstacle-tower/otc/Assets/ML-Agents/Scripts/Academy.cs:518)
MLAgents.Academy:EnvironmentStep() (at /Users/arthurj/obstacle-tower/otc/Assets/ML-Agents/Scripts/Academy.cs:546)
MLAgents.Academy:FixedUpdate() (at /Users/arthurj/obstacle-tower/otc/Assets/ML-Agents/Scripts/Academy.cs:610)

Log
Seed: 36
UnityEngine.Debug:Log(Object)
FloorBuilder:Reset() (at /Users/arthurj/obstacle-tower/otc/Assets/ObstacleTower/Scripts/FloorLogic/FloorBuilder.cs:99)
ObstacleTowerAgent:AgentReset() (at /Users/arthurj/obstacle-tower/otc/Assets/ObstacleTower/Scripts/AgentLogic/ObstacleTowerAgent.cs:293)
MLAgents.Agent:_AgentReset() (at /Users/arthurj/obstacle-tower/otc/Assets/ML-Agents/Scripts/Agent.cs:858)
MLAgents.Academy:ForcedFullReset() (at /Users/arthurj/obstacle-tower/otc/Assets/ML-Agents/Scripts/Academy.cs:519)
MLAgents.Academy:EnvironmentStep() (at /Users/arthurj/obstacle-tower/otc/Assets/ML-Agents/Scripts/Academy.cs:546)
MLAgents.Academy:FixedUpdate() (at /Users/arthurj/obstacle-tower/otc/Assets/ML-Agents/Scripts/Academy.cs:610)

Log
Seed: 83
UnityEngine.Debug:Log(Object)
FloorBuilder:Reset() (at /Users/arthurj/obstacle-tower/otc/Assets/ObstacleTower/Scripts/FloorLogic/FloorBuilder.cs:99)
ObstacleTowerAgent:AgentReset() (at /Users/arthurj/obstacle-tower/otc/Assets/ObstacleTower/Scripts/AgentLogic/ObstacleTowerAgent.cs:293)
MLAgents.Agent:_AgentReset() (at /Users/arthurj/obstacle-tower/otc/Assets/ML-Agents/Scripts/Agent.cs:858)
MLAgents.Agent:ResetIfDone() (at /Users/arthurj/obstacle-tower/otc/Assets/ML-Agents/Scripts/Agent.cs:969)
MLAgents.Academy:EnvironmentStep() (at /Users/arthurj/obstacle-tower/otc/Assets/ML-Agents/Scripts/Academy.cs:580)
MLAgents.Academy:FixedUpdate() (at /Users/arthurj/obstacle-tower/otc/Assets/ML-Agents/Scripts/Academy.cs:610)

Log
Academy resetting
UnityEngine.Debug:Log(Object)
ObstacleTowerAcademy:AcademyReset() (at /Users/arthurj/obstacle-tower/otc/Assets/ObstacleTower/Scripts/AgentLogic/ObstacleTowerAcademy.cs:60)
MLAgents.Academy:EnvironmentReset() (at /Users/arthurj/obstacle-tower/otc/Assets/ML-Agents/Scripts/Academy.cs:602)
MLAgents.Academy:ForcedFullReset() (at /Users/arthurj/obstacle-tower/otc/Assets/ML-Agents/Scripts/Academy.cs:518)
MLAgents.Academy:EnvironmentStep() (at /Users/arthurj/obstacle-tower/otc/Assets/ML-Agents/Scripts/Academy.cs:546)
MLAgents.Academy:FixedUpdate() (at /Users/arthurj/obstacle-tower/otc/Assets/ML-Agents/Scripts/Academy.cs:610)

Log
Seed: 4
UnityEngine.Debug:Log(Object)
FloorBuilder:Reset() (at /Users/arthurj/obstacle-tower/otc/Assets/ObstacleTower/Scripts/FloorLogic/FloorBuilder.cs:99)
ObstacleTowerAgent:AgentReset() (at /Users/arthurj/obstacle-tower/otc/Assets/ObstacleTower/Scripts/AgentLogic/ObstacleTowerAgent.cs:293)
MLAgents.Agent:_AgentReset() (at /Users/arthurj/obstacle-tower/otc/Assets/ML-Agents/Scripts/Agent.cs:858)
MLAgents.Academy:ForcedFullReset() (at /Users/arthurj/obstacle-tower/otc/Assets/ML-Agents/Scripts/Academy.cs:519)
MLAgents.Academy:EnvironmentStep() (at /Users/arthurj/obstacle-tower/otc/Assets/ML-Agents/Scripts/Academy.cs:546)
MLAgents.Academy:FixedUpdate() (at /Users/arthurj/obstacle-tower/otc/Assets/ML-Agents/Scripts/Academy.cs:610)

Log
Seed: 1
UnityEngine.Debug:Log(Object)
FloorBuilder:Reset() (at /Users/arthurj/obstacle-tower/otc/Assets/ObstacleTower/Scripts/FloorLogic/FloorBuilder.cs:99)
ObstacleTowerAgent:AgentReset() (at /Users/arthurj/obstacle-tower/otc/Assets/ObstacleTower/Scripts/AgentLogic/ObstacleTowerAgent.cs:293)
MLAgents.Agent:_AgentReset() (at /Users/arthurj/obstacle-tower/otc/Assets/ML-Agents/Scripts/Agent.cs:858)
MLAgents.Agent:ResetIfDone() (at /Users/arthurj/obstacle-tower/otc/Assets/ML-Agents/Scripts/Agent.cs:969)
MLAgents.Academy:EnvironmentStep() (at /Users/arthurj/obstacle-tower/otc/Assets/ML-Agents/Scripts/Academy.cs:580)
MLAgents.Academy:FixedUpdate() (at /Users/arthurj/obstacle-tower/otc/Assets/ML-Agents/Scripts/Academy.cs:610)

Log
Academy resetting
UnityEngine.Debug:Log(Object)
ObstacleTowerAcademy:AcademyReset() (at /Users/arthurj/obstacle-tower/otc/Assets/ObstacleTower/Scripts/AgentLogic/ObstacleTowerAcademy.cs:60)
MLAgents.Academy:EnvironmentReset() (at /Users/arthurj/obstacle-tower/otc/Assets/ML-Agents/Scripts/Academy.cs:602)
MLAgents.Academy:ForcedFullReset() (at /Users/arthurj/obstacle-tower/otc/Assets/ML-Agents/Scripts/Academy.cs:518)
MLAgents.Academy:EnvironmentStep() (at /Users/arthurj/obstacle-tower/otc/Assets/ML-Agents/Scripts/Academy.cs:546)
MLAgents.Academy:FixedUpdate() (at /Users/arthurj/obstacle-tower/otc/Assets/ML-Agents/Scripts/Academy.cs:610)

Log
Seed: 26
UnityEngine.Debug:Log(Object)
FloorBuilder:Reset() (at /Users/arthurj/obstacle-tower/otc/Assets/ObstacleTower/Scripts/FloorLogic/FloorBuilder.cs:99)
ObstacleTowerAgent:AgentReset() (at /Users/arthurj/obstacle-tower/otc/Assets/ObstacleTower/Scripts/AgentLogic/ObstacleTowerAgent.cs:293)
MLAgents.Agent:_AgentReset() (at /Users/arthurj/obstacle-tower/otc/Assets/ML-Agents/Scripts/Agent.cs:858)
MLAgents.Academy:ForcedFullReset() (at /Users/arthurj/obstacle-tower/otc/Assets/ML-Agents/Scripts/Academy.cs:519)
MLAgents.Academy:EnvironmentStep() (at /Users/arthurj/obstacle-tower/otc/Assets/ML-Agents/Scripts/Academy.cs:546)
MLAgents.Academy:FixedUpdate() (at /Users/arthurj/obstacle-tower/otc/Assets/ML-Agents/Scripts/Academy.cs:610)

Log
You reached floor: 2
UnityEngine.Debug:Log(Object)
ObstacleTowerAgent:AgentReset() (at /Users/arthurj/obstacle-tower/otc/Assets/ObstacleTower/Scripts/AgentLogic/ObstacleTowerAgent.cs:289)
MLAgents.Agent:_AgentReset() (at /Users/arthurj/obstacle-tower/otc/Assets/ML-Agents/Scripts/Agent.cs:858)
MLAgents.Agent:ResetIfDone() (at /Users/arthurj/obstacle-tower/otc/Assets/ML-Agents/Scripts/Agent.cs:969)
MLAgents.Academy:EnvironmentStep() (at /Users/arthurj/obstacle-tower/otc/Assets/ML-Agents/Scripts/Academy.cs:580)
MLAgents.Academy:FixedUpdate() (at /Users/arthurj/obstacle-tower/otc/Assets/ML-Agents/Scripts/Academy.cs:610)

Log
Seed: 20
UnityEngine.Debug:Log(Object)
FloorBuilder:Reset() (at /Users/arthurj/obstacle-tower/otc/Assets/ObstacleTower/Scripts/FloorLogic/FloorBuilder.cs:99)
ObstacleTowerAgent:AgentReset() (at /Users/arthurj/obstacle-tower/otc/Assets/ObstacleTower/Scripts/AgentLogic/ObstacleTowerAgent.cs:293)
MLAgents.Agent:_AgentReset() (at /Users/arthurj/obstacle-tower/otc/Assets/ML-Agents/Scripts/Agent.cs:858)
MLAgents.Agent:ResetIfDone() (at /Users/arthurj/obstacle-tower/otc/Assets/ML-Agents/Scripts/Agent.cs:969)
MLAgents.Academy:EnvironmentStep() (at /Users/arthurj/obstacle-tower/otc/Assets/ML-Agents/Scripts/Academy.cs:580)
MLAgents.Academy:FixedUpdate() (at /Users/arthurj/obstacle-tower/otc/Assets/ML-Agents/Scripts/Academy.cs:610)

Log
Seed: 6
UnityEngine.Debug:Log(Object)
FloorBuilder:Reset() (at /Users/arthurj/obstacle-tower/otc/Assets/ObstacleTower/Scripts/FloorLogic/FloorBuilder.cs:99)
ObstacleTowerAgent:AgentReset() (at /Users/arthurj/obstacle-tower/otc/Assets/ObstacleTower/Scripts/AgentLogic/ObstacleTowerAgent.cs:293)
MLAgents.Agent:_AgentReset() (at /Users/arthurj/obstacle-tower/otc/Assets/ML-Agents/Scripts/Agent.cs:858)
MLAgents.Agent:ResetIfDone() (at /Users/arthurj/obstacle-tower/otc/Assets/ML-Agents/Scripts/Agent.cs:969)
MLAgents.Academy:EnvironmentStep() (at /Users/arthurj/obstacle-tower/otc/Assets/ML-Agents/Scripts/Academy.cs:580)
MLAgents.Academy:FixedUpdate() (at /Users/arthurj/obstacle-tower/otc/Assets/ML-Agents/Scripts/Academy.cs:610)

Log
Academy resetting
UnityEngine.Debug:Log(Object)
ObstacleTowerAcademy:AcademyReset() (at /Users/arthurj/obstacle-tower/otc/Assets/ObstacleTower/Scripts/AgentLogic/ObstacleTowerAcademy.cs:60)
MLAgents.Academy:EnvironmentReset() (at /Users/arthurj/obstacle-tower/otc/Assets/ML-Agents/Scripts/Academy.cs:602)
MLAgents.Academy:ForcedFullReset() (at /Users/arthurj/obstacle-tower/otc/Assets/ML-Agents/Scripts/Academy.cs:518)
MLAgents.Academy:EnvironmentStep() (at /Users/arthurj/obstacle-tower/otc/Assets/ML-Agents/Scripts/Academy.cs:546)
MLAgents.Academy:FixedUpdate() (at /Users/arthurj/obstacle-tower/otc/Assets/ML-Agents/Scripts/Academy.cs:610)

Log
Seed: 61
UnityEngine.Debug:Log(Object)
FloorBuilder:Reset() (at /Users/arthurj/obstacle-tower/otc/Assets/ObstacleTower/Scripts/FloorLogic/FloorBuilder.cs:99)
ObstacleTowerAgent:AgentReset() (at /Users/arthurj/obstacle-tower/otc/Assets/ObstacleTower/Scripts/AgentLogic/ObstacleTowerAgent.cs:293)
MLAgents.Agent:_AgentReset() (at /Users/arthurj/obstacle-tower/otc/Assets/ML-Agents/Scripts/Agent.cs:858)
MLAgents.Academy:ForcedFullReset() (at /Users/arthurj/obstacle-tower/otc/Assets/ML-Agents/Scripts/Academy.cs:519)
MLAgents.Academy:EnvironmentStep() (at /Users/arthurj/obstacle-tower/otc/Assets/ML-Agents/Scripts/Academy.cs:546)
MLAgents.Academy:FixedUpdate() (at /Users/arthurj/obstacle-tower/otc/Assets/ML-Agents/Scripts/Academy.cs:610)

Log
Academy resetting
UnityEngine.Debug:Log(Object)
ObstacleTowerAcademy:AcademyReset() (at /Users/arthurj/obstacle-tower/otc/Assets/ObstacleTower/Scripts/AgentLogic/ObstacleTowerAcademy.cs:60)
MLAgents.Academy:EnvironmentReset() (at /Users/arthurj/obstacle-tower/otc/Assets/ML-Agents/Scripts/Academy.cs:602)
MLAgents.Academy:ForcedFullReset() (at /Users/arthurj/obstacle-tower/otc/Assets/ML-Agents/Scripts/Academy.cs:518)
MLAgents.Academy:EnvironmentStep() (at /Users/arthurj/obstacle-tower/otc/Assets/ML-Agents/Scripts/Academy.cs:546)
MLAgents.Academy:FixedUpdate() (at /Users/arthurj/obstacle-tower/otc/Assets/ML-Agents/Scripts/Academy.cs:610)

Log
Seed: 92
UnityEngine.Debug:Log(Object)
FloorBuilder:Reset() (at /Users/arthurj/obstacle-tower/otc/Assets/ObstacleTower/Scripts/FloorLogic/FloorBuilder.cs:99)
ObstacleTowerAgent:AgentReset() (at /Users/arthurj/obstacle-tower/otc/Assets/ObstacleTower/Scripts/AgentLogic/ObstacleTowerAgent.cs:293)
MLAgents.Agent:_AgentReset() (at /Users/arthurj/obstacle-tower/otc/Assets/ML-Agents/Scripts/Agent.cs:858)
MLAgents.Academy:ForcedFullReset() (at /Users/arthurj/obstacle-tower/otc/Assets/ML-Agents/Scripts/Academy.cs:519)
MLAgents.Academy:EnvironmentStep() (at /Users/arthurj/obstacle-tower/otc/Assets/ML-Agents/Scripts/Academy.cs:546)
MLAgents.Academy:FixedUpdate() (at /Users/arthurj/obstacle-tower/otc/Assets/ML-Agents/Scripts/Academy.cs:610)

Log
You reached floor: 1
UnityEngine.Debug:Log(Object)
ObstacleTowerAgent:AgentReset() (at /Users/arthurj/obstacle-tower/otc/Assets/ObstacleTower/Scripts/AgentLogic/ObstacleTowerAgent.cs:289)
MLAgents.Agent:_AgentReset() (at /Users/arthurj/obstacle-tower/otc/Assets/ML-Agents/Scripts/Agent.cs:858)
MLAgents.Agent:ResetIfDone() (at /Users/arthurj/obstacle-tower/otc/Assets/ML-Agents/Scripts/Agent.cs:969)
MLAgents.Academy:EnvironmentStep() (at /Users/arthurj/obstacle-tower/otc/Assets/ML-Agents/Scripts/Academy.cs:580)
MLAgents.Academy:FixedUpdate() (at /Users/arthurj/obstacle-tower/otc/Assets/ML-Agents/Scripts/Academy.cs:610)

Log
Seed: 89
UnityEngine.Debug:Log(Object)
FloorBuilder:Reset() (at /Users/arthurj/obstacle-tower/otc/Assets/ObstacleTower/Scripts/FloorLogic/FloorBuilder.cs:99)
ObstacleTowerAgent:AgentReset() (at /Users/arthurj/obstacle-tower/otc/Assets/ObstacleTower/Scripts/AgentLogic/ObstacleTowerAgent.cs:293)
MLAgents.Agent:_AgentReset() (at /Users/arthurj/obstacle-tower/otc/Assets/ML-Agents/Scripts/Agent.cs:858)
MLAgents.Agent:ResetIfDone() (at /Users/arthurj/obstacle-tower/otc/Assets/ML-Agents/Scripts/Agent.cs:969)
MLAgents.Academy:EnvironmentStep() (at /Users/arthurj/obstacle-tower/otc/Assets/ML-Agents/Scripts/Academy.cs:580)
MLAgents.Academy:FixedUpdate() (at /Users/arthurj/obstacle-tower/otc/Assets/ML-Agents/Scripts/Academy.cs:610)

Log
Academy resetting
UnityEngine.Debug:Log(Object)
ObstacleTowerAcademy:AcademyReset() (at /Users/arthurj/obstacle-tower/otc/Assets/ObstacleTower/Scripts/AgentLogic/ObstacleTowerAcademy.cs:60)
MLAgents.Academy:EnvironmentReset() (at /Users/arthurj/obstacle-tower/otc/Assets/ML-Agents/Scripts/Academy.cs:602)
MLAgents.Academy:ForcedFullReset() (at /Users/arthurj/obstacle-tower/otc/Assets/ML-Agents/Scripts/Academy.cs:518)
MLAgents.Academy:EnvironmentStep() (at /Users/arthurj/obstacle-tower/otc/Assets/ML-Agents/Scripts/Academy.cs:546)
MLAgents.Academy:FixedUpdate() (at /Users/arthurj/obstacle-tower/otc/Assets/ML-Agents/Scripts/Academy.cs:610)

Log
Seed: 14
UnityEngine.Debug:Log(Object)
FloorBuilder:Reset() (at /Users/arthurj/obstacle-tower/otc/Assets/ObstacleTower/Scripts/FloorLogic/FloorBuilder.cs:99)
ObstacleTowerAgent:AgentReset() (at /Users/arthurj/obstacle-tower/otc/Assets/ObstacleTower/Scripts/AgentLogic/ObstacleTowerAgent.cs:293)
MLAgents.Agent:_AgentReset() (at /Users/arthurj/obstacle-tower/otc/Assets/ML-Agents/Scripts/Agent.cs:858)
MLAgents.Academy:ForcedFullReset() (at /Users/arthurj/obstacle-tower/otc/Assets/ML-Agents/Scripts/Academy.cs:519)
MLAgents.Academy:EnvironmentStep() (at /Users/arthurj/obstacle-tower/otc/Assets/ML-Agents/Scripts/Academy.cs:546)
MLAgents.Academy:FixedUpdate() (at /Users/arthurj/obstacle-tower/otc/Assets/ML-Agents/Scripts/Academy.cs:610)

Log
Seed: 83
UnityEngine.Debug:Log(Object)
FloorBuilder:Reset() (at /Users/arthurj/obstacle-tower/otc/Assets/ObstacleTower/Scripts/FloorLogic/FloorBuilder.cs:99)
ObstacleTowerAgent:AgentReset() (at /Users/arthurj/obstacle-tower/otc/Assets/ObstacleTower/Scripts/AgentLogic/ObstacleTowerAgent.cs:293)
MLAgents.Agent:_AgentReset() (at /Users/arthurj/obstacle-tower/otc/Assets/ML-Agents/Scripts/Agent.cs:858)
MLAgents.Agent:ResetIfDone() (at /Users/arthurj/obstacle-tower/otc/Assets/ML-Agents/Scripts/Agent.cs:969)
MLAgents.Academy:EnvironmentStep() (at /Users/arthurj/obstacle-tower/otc/Assets/ML-Agents/Scripts/Academy.cs:580)
MLAgents.Academy:FixedUpdate() (at /Users/arthurj/obstacle-tower/otc/Assets/ML-Agents/Scripts/Academy.cs:610)

Log
Academy resetting
UnityEngine.Debug:Log(Object)
ObstacleTowerAcademy:AcademyReset() (at /Users/arthurj/obstacle-tower/otc/Assets/ObstacleTower/Scripts/AgentLogic/ObstacleTowerAcademy.cs:60)
MLAgents.Academy:EnvironmentReset() (at /Users/arthurj/obstacle-tower/otc/Assets/ML-Agents/Scripts/Academy.cs:602)
MLAgents.Academy:ForcedFullReset() (at /Users/arthurj/obstacle-tower/otc/Assets/ML-Agents/Scripts/Academy.cs:518)
MLAgents.Academy:EnvironmentStep() (at /Users/arthurj/obstacle-tower/otc/Assets/ML-Agents/Scripts/Academy.cs:546)
MLAgents.Academy:FixedUpdate() (at /Users/arthurj/obstacle-tower/otc/Assets/ML-Agents/Scripts/Academy.cs:610)

Log
Seed: 24
UnityEngine.Debug:Log(Object)
FloorBuilder:Reset() (at /Users/arthurj/obstacle-tower/otc/Assets/ObstacleTower/Scripts/FloorLogic/FloorBuilder.cs:99)
ObstacleTowerAgent:AgentReset() (at /Users/arthurj/obstacle-tower/otc/Assets/ObstacleTower/Scripts/AgentLogic/ObstacleTowerAgent.cs:293)
MLAgents.Agent:_AgentReset() (at /Users/arthurj/obstacle-tower/otc/Assets/ML-Agents/Scripts/Agent.cs:858)
MLAgents.Academy:ForcedFullReset() (at /Users/arthurj/obstacle-tower/otc/Assets/ML-Agents/Scripts/Academy.cs:519)
MLAgents.Academy:EnvironmentStep() (at /Users/arthurj/obstacle-tower/otc/Assets/ML-Agents/Scripts/Academy.cs:546)
MLAgents.Academy:FixedUpdate() (at /Users/arthurj/obstacle-tower/otc/Assets/ML-Agents/Scripts/Academy.cs:610)

Log
Seed: 29
UnityEngine.Debug:Log(Object)
FloorBuilder:Reset() (at /Users/arthurj/obstacle-tower/otc/Assets/ObstacleTower/Scripts/FloorLogic/FloorBuilder.cs:99)
ObstacleTowerAgent:AgentReset() (at /Users/arthurj/obstacle-tower/otc/Assets/ObstacleTower/Scripts/AgentLogic/ObstacleTowerAgent.cs:293)
MLAgents.Agent:_AgentReset() (at /Users/arthurj/obstacle-tower/otc/Assets/ML-Agents/Scripts/Agent.cs:858)
MLAgents.Agent:ResetIfDone() (at /Users/arthurj/obstacle-tower/otc/Assets/ML-Agents/Scripts/Agent.cs:969)
MLAgents.Academy:EnvironmentStep() (at /Users/arthurj/obstacle-tower/otc/Assets/ML-Agents/Scripts/Academy.cs:580)
MLAgents.Academy:FixedUpdate() (at /Users/arthurj/obstacle-tower/otc/Assets/ML-Agents/Scripts/Academy.cs:610)

Log
Academy resetting
UnityEngine.Debug:Log(Object)
ObstacleTowerAcademy:AcademyReset() (at /Users/arthurj/obstacle-tower/otc/Assets/ObstacleTower/Scripts/AgentLogic/ObstacleTowerAcademy.cs:60)
MLAgents.Academy:EnvironmentReset() (at /Users/arthurj/obstacle-tower/otc/Assets/ML-Agents/Scripts/Academy.cs:602)
MLAgents.Academy:ForcedFullReset() (at /Users/arthurj/obstacle-tower/otc/Assets/ML-Agents/Scripts/Academy.cs:518)
MLAgents.Academy:EnvironmentStep() (at /Users/arthurj/obstacle-tower/otc/Assets/ML-Agents/Scripts/Academy.cs:546)
MLAgents.Academy:FixedUpdate() (at /Users/arthurj/obstacle-tower/otc/Assets/ML-Agents/Scripts/Academy.cs:610)

Log
Seed: 70
UnityEngine.Debug:Log(Object)
FloorBuilder:Reset() (at /Users/arthurj/obstacle-tower/otc/Assets/ObstacleTower/Scripts/FloorLogic/FloorBuilder.cs:99)
ObstacleTowerAgent:AgentReset() (at /Users/arthurj/obstacle-tower/otc/Assets/ObstacleTower/Scripts/AgentLogic/ObstacleTowerAgent.cs:293)
MLAgents.Agent:_AgentReset() (at /Users/arthurj/obstacle-tower/otc/Assets/ML-Agents/Scripts/Agent.cs:858)
MLAgents.Academy:ForcedFullReset() (at /Users/arthurj/obstacle-tower/otc/Assets/ML-Agents/Scripts/Academy.cs:519)
MLAgents.Academy:EnvironmentStep() (at /Users/arthurj/obstacle-tower/otc/Assets/ML-Agents/Scripts/Academy.cs:546)
MLAgents.Academy:FixedUpdate() (at /Users/arthurj/obstacle-tower/otc/Assets/ML-Agents/Scripts/Academy.cs:610)

Log
You reached floor: 1
UnityEngine.Debug:Log(Object)
ObstacleTowerAgent:AgentReset() (at /Users/arthurj/obstacle-tower/otc/Assets/ObstacleTower/Scripts/AgentLogic/ObstacleTowerAgent.cs:289)
MLAgents.Agent:_AgentReset() (at /Users/arthurj/obstacle-tower/otc/Assets/ML-Agents/Scripts/Agent.cs:858)
MLAgents.Agent:ResetIfDone() (at /Users/arthurj/obstacle-tower/otc/Assets/ML-Agents/Scripts/Agent.cs:969)
MLAgents.Academy:EnvironmentStep() (at /Users/arthurj/obstacle-tower/otc/Assets/ML-Agents/Scripts/Academy.cs:580)
MLAgents.Academy:FixedUpdate() (at /Users/arthurj/obstacle-tower/otc/Assets/ML-Agents/Scripts/Academy.cs:610)

Log
Seed: 23
UnityEngine.Debug:Log(Object)
FloorBuilder:Reset() (at /Users/arthurj/obstacle-tower/otc/Assets/ObstacleTower/Scripts/FloorLogic/FloorBuilder.cs:99)
ObstacleTowerAgent:AgentReset() (at /Users/arthurj/obstacle-tower/otc/Assets/ObstacleTower/Scripts/AgentLogic/ObstacleTowerAgent.cs:293)
MLAgents.Agent:_AgentReset() (at /Users/arthurj/obstacle-tower/otc/Assets/ML-Agents/Scripts/Agent.cs:858)
MLAgents.Agent:ResetIfDone() (at /Users/arthurj/obstacle-tower/otc/Assets/ML-Agents/Scripts/Agent.cs:969)
MLAgents.Academy:EnvironmentStep() (at /Users/arthurj/obstacle-tower/otc/Assets/ML-Agents/Scripts/Academy.cs:580)
MLAgents.Academy:FixedUpdate() (at /Users/arthurj/obstacle-tower/otc/Assets/ML-Agents/Scripts/Academy.cs:610)

Log
Academy resetting
UnityEngine.Debug:Log(Object)
ObstacleTowerAcademy:AcademyReset() (at /Users/arthurj/obstacle-tower/otc/Assets/ObstacleTower/Scripts/AgentLogic/ObstacleTowerAcademy.cs:60)
MLAgents.Academy:EnvironmentReset() (at /Users/arthurj/obstacle-tower/otc/Assets/ML-Agents/Scripts/Academy.cs:602)
MLAgents.Academy:ForcedFullReset() (at /Users/arthurj/obstacle-tower/otc/Assets/ML-Agents/Scripts/Academy.cs:518)
MLAgents.Academy:EnvironmentStep() (at /Users/arthurj/obstacle-tower/otc/Assets/ML-Agents/Scripts/Academy.cs:546)
MLAgents.Academy:FixedUpdate() (at /Users/arthurj/obstacle-tower/otc/Assets/ML-Agents/Scripts/Academy.cs:610)

Log
Seed: 48
UnityEngine.Debug:Log(Object)
FloorBuilder:Reset() (at /Users/arthurj/obstacle-tower/otc/Assets/ObstacleTower/Scripts/FloorLogic/FloorBuilder.cs:99)
ObstacleTowerAgent:AgentReset() (at /Users/arthurj/obstacle-tower/otc/Assets/ObstacleTower/Scripts/AgentLogic/ObstacleTowerAgent.cs:293)
MLAgents.Agent:_AgentReset() (at /Users/arthurj/obstacle-tower/otc/Assets/ML-Agents/Scripts/Agent.cs:858)
MLAgents.Academy:ForcedFullReset() (at /Users/arthurj/obstacle-tower/otc/Assets/ML-Agents/Scripts/Academy.cs:519)
MLAgents.Academy:EnvironmentStep() (at /Users/arthurj/obstacle-tower/otc/Assets/ML-Agents/Scripts/Academy.cs:546)
MLAgents.Academy:FixedUpdate() (at /Users/arthurj/obstacle-tower/otc/Assets/ML-Agents/Scripts/Academy.cs:610)

Log
Seed: 89
UnityEngine.Debug:Log(Object)
FloorBuilder:Reset() (at /Users/arthurj/obstacle-tower/otc/Assets/ObstacleTower/Scripts/FloorLogic/FloorBuilder.cs:99)
ObstacleTowerAgent:AgentReset() (at /Users/arthurj/obstacle-tower/otc/Assets/ObstacleTower/Scripts/AgentLogic/ObstacleTowerAgent.cs:293)
MLAgents.Agent:_AgentReset() (at /Users/arthurj/obstacle-tower/otc/Assets/ML-Agents/Scripts/Agent.cs:858)
MLAgents.Agent:ResetIfDone() (at /Users/arthurj/obstacle-tower/otc/Assets/ML-Agents/Scripts/Agent.cs:969)
MLAgents.Academy:EnvironmentStep() (at /Users/arthurj/obstacle-tower/otc/Assets/ML-Agents/Scripts/Academy.cs:580)
MLAgents.Academy:FixedUpdate() (at /Users/arthurj/obstacle-tower/otc/Assets/ML-Agents/Scripts/Academy.cs:610)

Log
Academy resetting
UnityEngine.Debug:Log(Object)
ObstacleTowerAcademy:AcademyReset() (at /Users/arthurj/obstacle-tower/otc/Assets/ObstacleTower/Scripts/AgentLogic/ObstacleTowerAcademy.cs:60)
MLAgents.Academy:EnvironmentReset() (at /Users/arthurj/obstacle-tower/otc/Assets/ML-Agents/Scripts/Academy.cs:602)
MLAgents.Academy:ForcedFullReset() (at /Users/arthurj/obstacle-tower/otc/Assets/ML-Agents/Scripts/Academy.cs:518)
MLAgents.Academy:EnvironmentStep() (at /Users/arthurj/obstacle-tower/otc/Assets/ML-Agents/Scripts/Academy.cs:546)
MLAgents.Academy:FixedUpdate() (at /Users/arthurj/obstacle-tower/otc/Assets/ML-Agents/Scripts/Academy.cs:610)

Log
Seed: 58
UnityEngine.Debug:Log(Object)
FloorBuilder:Reset() (at /Users/arthurj/obstacle-tower/otc/Assets/ObstacleTower/Scripts/FloorLogic/FloorBuilder.cs:99)
ObstacleTowerAgent:AgentReset() (at /Users/arthurj/obstacle-tower/otc/Assets/ObstacleTower/Scripts/AgentLogic/ObstacleTowerAgent.cs:293)
MLAgents.Agent:_AgentReset() (at /Users/arthurj/obstacle-tower/otc/Assets/ML-Agents/Scripts/Agent.cs:858)
MLAgents.Academy:ForcedFullReset() (at /Users/arthurj/obstacle-tower/otc/Assets/ML-Agents/Scripts/Academy.cs:519)
MLAgents.Academy:EnvironmentStep() (at /Users/arthurj/obstacle-tower/otc/Assets/ML-Agents/Scripts/Academy.cs:546)
MLAgents.Academy:FixedUpdate() (at /Users/arthurj/obstacle-tower/otc/Assets/ML-Agents/Scripts/Academy.cs:610)

Log
Seed: 58
UnityEngine.Debug:Log(Object)
FloorBuilder:Reset() (at /Users/arthurj/obstacle-tower/otc/Assets/ObstacleTower/Scripts/FloorLogic/FloorBuilder.cs:99)
ObstacleTowerAgent:AgentReset() (at /Users/arthurj/obstacle-tower/otc/Assets/ObstacleTower/Scripts/AgentLogic/ObstacleTowerAgent.cs:293)
MLAgents.Agent:_AgentReset() (at /Users/arthurj/obstacle-tower/otc/Assets/ML-Agents/Scripts/Agent.cs:858)
MLAgents.Agent:ResetIfDone() (at /Users/arthurj/obstacle-tower/otc/Assets/ML-Agents/Scripts/Agent.cs:969)
MLAgents.Academy:EnvironmentStep() (at /Users/arthurj/obstacle-tower/otc/Assets/ML-Agents/Scripts/Academy.cs:580)
MLAgents.Academy:FixedUpdate() (at /Users/arthurj/obstacle-tower/otc/Assets/ML-Agents/Scripts/Academy.cs:610)

Log
Academy resetting
UnityEngine.Debug:Log(Object)
ObstacleTowerAcademy:AcademyReset() (at /Users/arthurj/obstacle-tower/otc/Assets/ObstacleTower/Scripts/AgentLogic/ObstacleTowerAcademy.cs:60)
MLAgents.Academy:EnvironmentReset() (at /Users/arthurj/obstacle-tower/otc/Assets/ML-Agents/Scripts/Academy.cs:602)
MLAgents.Academy:ForcedFullReset() (at /Users/arthurj/obstacle-tower/otc/Assets/ML-Agents/Scripts/Academy.cs:518)
MLAgents.Academy:EnvironmentStep() (at /Users/arthurj/obstacle-tower/otc/Assets/ML-Agents/Scripts/Academy.cs:546)
MLAgents.Academy:FixedUpdate() (at /Users/arthurj/obstacle-tower/otc/Assets/ML-Agents/Scripts/Academy.cs:610)

Log
Seed: 99
UnityEngine.Debug:Log(Object)
FloorBuilder:Reset() (at /Users/arthurj/obstacle-tower/otc/Assets/ObstacleTower/Scripts/FloorLogic/FloorBuilder.cs:99)
ObstacleTowerAgent:AgentReset() (at /Users/arthurj/obstacle-tower/otc/Assets/ObstacleTower/Scripts/AgentLogic/ObstacleTowerAgent.cs:293)
MLAgents.Agent:_AgentReset() (at /Users/arthurj/obstacle-tower/otc/Assets/ML-Agents/Scripts/Agent.cs:858)
MLAgents.Academy:ForcedFullReset() (at /Users/arthurj/obstacle-tower/otc/Assets/ML-Agents/Scripts/Academy.cs:519)
MLAgents.Academy:EnvironmentStep() (at /Users/arthurj/obstacle-tower/otc/Assets/ML-Agents/Scripts/Academy.cs:546)
MLAgents.Academy:FixedUpdate() (at /Users/arthurj/obstacle-tower/otc/Assets/ML-Agents/Scripts/Academy.cs:610)

Log
Seed: 31
UnityEngine.Debug:Log(Object)
FloorBuilder:Reset() (at /Users/arthurj/obstacle-tower/otc/Assets/ObstacleTower/Scripts/FloorLogic/FloorBuilder.cs:99)
ObstacleTowerAgent:AgentReset() (at /Users/arthurj/obstacle-tower/otc/Assets/ObstacleTower/Scripts/AgentLogic/ObstacleTowerAgent.cs:293)
MLAgents.Agent:_AgentReset() (at /Users/arthurj/obstacle-tower/otc/Assets/ML-Agents/Scripts/Agent.cs:858)
MLAgents.Agent:ResetIfDone() (at /Users/arthurj/obstacle-tower/otc/Assets/ML-Agents/Scripts/Agent.cs:969)
MLAgents.Academy:EnvironmentStep() (at /Users/arthurj/obstacle-tower/otc/Assets/ML-Agents/Scripts/Academy.cs:580)
MLAgents.Academy:FixedUpdate() (at /Users/arthurj/obstacle-tower/otc/Assets/ML-Agents/Scripts/Academy.cs:610)

Log
Academy resetting
UnityEngine.Debug:Log(Object)
ObstacleTowerAcademy:AcademyReset() (at /Users/arthurj/obstacle-tower/otc/Assets/ObstacleTower/Scripts/AgentLogic/ObstacleTowerAcademy.cs:60)
MLAgents.Academy:EnvironmentReset() (at /Users/arthurj/obstacle-tower/otc/Assets/ML-Agents/Scripts/Academy.cs:602)
MLAgents.Academy:ForcedFullReset() (at /Users/arthurj/obstacle-tower/otc/Assets/ML-Agents/Scripts/Academy.cs:518)
MLAgents.Academy:EnvironmentStep() (at /Users/arthurj/obstacle-tower/otc/Assets/ML-Agents/Scripts/Academy.cs:546)
MLAgents.Academy:FixedUpdate() (at /Users/arthurj/obstacle-tower/otc/Assets/ML-Agents/Scripts/Academy.cs:610)

Log
Seed: 91
UnityEngine.Debug:Log(Object)
FloorBuilder:Reset() (at /Users/arthurj/obstacle-tower/otc/Assets/ObstacleTower/Scripts/FloorLogic/FloorBuilder.cs:99)
ObstacleTowerAgent:AgentReset() (at /Users/arthurj/obstacle-tower/otc/Assets/ObstacleTower/Scripts/AgentLogic/ObstacleTowerAgent.cs:293)
MLAgents.Agent:_AgentReset() (at /Users/arthurj/obstacle-tower/otc/Assets/ML-Agents/Scripts/Agent.cs:858)
MLAgents.Academy:ForcedFullReset() (at /Users/arthurj/obstacle-tower/otc/Assets/ML-Agents/Scripts/Academy.cs:519)
MLAgents.Academy:EnvironmentStep() (at /Users/arthurj/obstacle-tower/otc/Assets/ML-Agents/Scripts/Academy.cs:546)
MLAgents.Academy:FixedUpdate() (at /Users/arthurj/obstacle-tower/otc/Assets/ML-Agents/Scripts/Academy.cs:610)

